
  .   ____          _            __ _ _
 /\\ / ___'_ __ _ _(_)_ __  __ _ \ \ \ \
( ( )\___ | '_ | '_| | '_ \/ _` | \ \ \ \
 \\/  ___)| |_)| | | | | || (_| |  ) ) ) )
  '  |____| .__|_| |_|_| |_\__, | / / / /
 =========|_|==============|___/=/_/_/_/

 :: Spring Boot ::                (v3.5.6)

2025-12-16T20:44:45.212+08:00  INFO 31165 --- [           main] c.e.GoogleQuery.GoogleQueryApplication   : Starting GoogleQueryApplication v0.0.1-SNAPSHOT using Java 21.0.8 with PID 31165 (/Users/zhengyujie/Downloads/HW8_group5-master/HW8_group5-master/target/bmi-0.0.1-SNAPSHOT.jar started by zhengyujie in /Users/zhengyujie/Downloads/HW8_group5-master)
2025-12-16T20:44:45.213+08:00  INFO 31165 --- [           main] c.e.GoogleQuery.GoogleQueryApplication   : No active profile set, falling back to 1 default profile: "default"
2025-12-16T20:44:45.719+08:00  INFO 31165 --- [           main] o.s.b.w.embedded.tomcat.TomcatWebServer  : Tomcat initialized with port 8080 (http)
2025-12-16T20:44:45.727+08:00  INFO 31165 --- [           main] o.apache.catalina.core.StandardService   : Starting service [Tomcat]
2025-12-16T20:44:45.727+08:00  INFO 31165 --- [           main] o.apache.catalina.core.StandardEngine    : Starting Servlet engine: [Apache Tomcat/10.1.46]
2025-12-16T20:44:45.737+08:00  INFO 31165 --- [           main] o.a.c.c.C.[Tomcat].[localhost].[/]       : Initializing Spring embedded WebApplicationContext
2025-12-16T20:44:45.737+08:00  INFO 31165 --- [           main] w.s.c.ServletWebServerApplicationContext : Root WebApplicationContext: initialization completed in 505 ms
正在載入關鍵字資料...
成功載入 30 個關鍵字
未找到翻譯檔案，使用預設設定
KeywordService 初始化完成：
  - Tier 1 關鍵字: 15
  - Tier 2 關鍵字: 9
  - Tier 3 關鍵字: 6
  - 停用詞: 0
RankingService 初始化完成：已載入 30 個 baseline scores
SearchService 初始化完成：已載入 30 家咖啡廳
CafeRepository 初始化完成：已載入 30 家咖啡廳
FilterService 初始化完成：
  - 可用地區: 12
  - 可用功能: 12
KeywordRepository 初始化完成：已載入 30 個關鍵字
正在載入咖啡廳資料...
成功載入 30 家咖啡廳
正在載入基準分數...
成功載入 30 個基準分數
2025-12-16T20:44:45.897+08:00  INFO 31165 --- [           main] o.s.b.a.w.s.WelcomePageHandlerMapping    : Adding welcome page: class path resource [static/index.html]
2025-12-16T20:44:46.062+08:00  INFO 31165 --- [           main] o.s.b.a.e.web.EndpointLinksResolver      : Exposing 1 endpoint beneath base path '/actuator'
2025-12-16T20:44:46.104+08:00  INFO 31165 --- [           main] o.s.b.w.embedded.tomcat.TomcatWebServer  : Tomcat started on port 8080 (http) with context path '/'
2025-12-16T20:44:46.114+08:00  INFO 31165 --- [           main] c.e.GoogleQuery.GoogleQueryApplication   : Started GoogleQueryApplication in 1.072 seconds (process running for 1.263)
2025-12-16T20:44:46.264+08:00  INFO 31165 --- [nio-8080-exec-2] o.a.c.c.C.[Tomcat].[localhost].[/]       : Initializing Spring DispatcherServlet 'dispatcherServlet'
2025-12-16T20:44:46.264+08:00  INFO 31165 --- [nio-8080-exec-2] o.s.web.servlet.DispatcherServlet        : Initializing Servlet 'dispatcherServlet'
2025-12-16T20:44:46.264+08:00  INFO 31165 --- [nio-8080-exec-2] o.s.web.servlet.DispatcherServlet        : Completed initialization in 0 ms
2025-12-16T20:45:32.207+08:00  INFO 31165 --- [nio-8080-exec-8] o.apache.coyote.http11.Http11Processor   : Error parsing HTTP request header
 Note: further occurrences of HTTP request parsing errors will be logged at DEBUG level.

java.lang.IllegalArgumentException: Invalid character found in the request target [/api/search?q=0xe70x9d0xa10xe80xa60xba&google=true ]. The valid characters are defined in RFC 7230 and RFC 3986
	at org.apache.coyote.http11.Http11InputBuffer.parseRequestLine(Http11InputBuffer.java:478) ~[tomcat-embed-core-10.1.46.jar!/:na]
	at org.apache.coyote.http11.Http11Processor.service(Http11Processor.java:271) ~[tomcat-embed-core-10.1.46.jar!/:na]
	at org.apache.coyote.AbstractProcessorLight.process(AbstractProcessorLight.java:63) ~[tomcat-embed-core-10.1.46.jar!/:na]
	at org.apache.coyote.AbstractProtocol$ConnectionHandler.process(AbstractProtocol.java:903) ~[tomcat-embed-core-10.1.46.jar!/:na]
	at org.apache.tomcat.util.net.NioEndpoint$SocketProcessor.doRun(NioEndpoint.java:1776) ~[tomcat-embed-core-10.1.46.jar!/:na]
	at org.apache.tomcat.util.net.SocketProcessorBase.run(SocketProcessorBase.java:52) ~[tomcat-embed-core-10.1.46.jar!/:na]
	at org.apache.tomcat.util.threads.ThreadPoolExecutor.runWorker(ThreadPoolExecutor.java:975) ~[tomcat-embed-core-10.1.46.jar!/:na]
	at org.apache.tomcat.util.threads.ThreadPoolExecutor$Worker.run(ThreadPoolExecutor.java:493) ~[tomcat-embed-core-10.1.46.jar!/:na]
	at org.apache.tomcat.util.threads.TaskThread$WrappingRunnable.run(TaskThread.java:63) ~[tomcat-embed-core-10.1.46.jar!/:na]
	at java.base/java.lang.Thread.run(Thread.java:1583) ~[na:na]

[GoogleService] raw customsearch response (trimmed): {"kind":"customsearch#search","url":{"type":"application/json","template":"https://www.googleapis.com/customsearch/v1?q={searchTerms}&num={count?}&start={startIndex?}&lr={language?}&safe={safe?}&cx={cx?}&sort={sort?}&filter={filter?}&gl={gl?}&cr={cr?}&googlehost={googleHost?}&c2coff={disableCnTwTranslation?}&hq={hq?}&hl={hl?}&siteSearch={siteSearch?}&siteSearchFilter={siteSearchFilter?}&exactTerms={exactTerms?}&excludeTerms={excludeTerms?}&linkSite={linkSite?}&orTerms={orTerms?}&dateRestrict={dateRestrict?}&lowRange={lowRange?}&highRange={highRange?}&searchType={searchType}&fileType={fileType?}&rights={rights?}&imgSize={imgSize?}&imgType={imgType?}&imgColorType={imgColorType?}&imgDominantColor={imgDominantColor?}&alt=json"},"queries":{"request":[{"title":"Google Custom Search - 睡覺 咖啡廳","searchTerms":"睡覺 咖啡廳","count":10,"startIndex":1,"inputEncoding":"utf8","outputEncoding":"utf8","safe":"off","cx":"e53265ce7ceb44a30"}]},"context":{"title":"CafeFinder"},"searchInformation":{"searchTime":0.157207,"formattedSearchTime":"0.16","totalResults":"0","formattedTotalResults":"0"}}
[GoogleService] searchInformation.totalResults=0
[GoogleService] customSearch returned no items, trying HTML fallback
[GoogleQuery] parsed HTML snippet: <!DOCTYPE html><html lang="zh-TW"><head><title>Google Search</title><style>body{background-color:#fff}</style><script nonce="mJo3LuODnc_CuNTQO3sQdA">window.google = window.google || {};window.google.c = window.google.c || {cap:0};</script></head><body><noscript><style>table,div,span,p{display:none}</style><meta content="0;url=/httpservice/retry/enablejs?sei=lVRBabrEKaTp1e8PqtuYoAs" http-equiv="refresh"><div style="display:block">如果系統沒有在數秒鐘後將您重新導向，請按一下<a href="/httpservice/retry/enablejs?sei=lVRBabrEKaTp1e8PqtuYoAs">這裡</a>。</div></noscript><script nonce="mJo3LuODnc_CuNTQO3sQdA">(function(){var sctm=false;(function(){sctm&&google.tick("load","pbsst");}).call(this);})();</script><script nonce="mJo3LuODnc_CuNTQO3sQdA">//# sourceMappingURL=data:application/json;charset=utf-8;base64,eyJ2ZXJzaW9uIjogMywic291cmNlcyI6WyIiXSwic291cmNlc0NvbnRlbnQiOlsiICJdLCJuYW1lcyI6WyJjbG9zdXJlRHluYW1pY0J1dHRvbiJdLCJtYXBwaW5ncyI6IkFBQUE7QUFBQTtBQUFBO0FBQUE7QUFBQTtBQUFBO0FBQUEifQ==(function(){var G=function(c,B,Y,x,R,n,D,V,W,F){{W=27;while(W!=40){if(W==56)return F;if(W==42)W=(Y^40)&7?56:5;else if(W==c)W=(Y>>B&7)==B?94:42;else if(W==94)F=x,W=42;else if(W==27)W=c;else if(W==5){if((D=(V=O.trustedTypes,x),V)&&V.createPolicy){try{D=V.createPolicy(n,{createHTML:S,createScript:S,createScriptURL:S})}catch(u){if(O.console)O.console[R](u.message)}F=D}else F=D;W=56}}}},O=this||self,S=function(c){return G.call(this,95,1,3,c)};(0,eval)(function(c,B){return(B=G(95,1,8,null,"error","ks"))&&c.eval(B.createScript("1"))===1?function(Y){return B.createScript(Y)}:function(Y){return""+Y}}(O)(Array(Math.random()*7824|0).join("\n")+['//# sourceMappingURL=data:application/json;charset=utf-8;base64,eyJ2ZXJzaW9uIjogMywic291cmNlcyI6WyIiXSwic291cmNlc0NvbnRlbnQiOlsiICJdLCJuYW1lcyI6WyJjbG9zdXJlRHluYW1pY0J1dHRvbiJdLCJtYXBwaW5ncyI6IkFBQUE7QUFBQTtBQUFBO0FBQUE7QUFBQTtBQUFBO0FBQUEifQ==','(function(){/*','',' Copyright Google LLC',' SPDX-License-Identifier: Apache-2.0','*/','var Fs=function(W,c,Y,B,F,O,D,G,S,u,x){{x=66;while(x!=
[GoogleQuery] found candidate anchors count=0
[GoogleService] HTML fallback returned count=0
[GoogleService] customSearch returned count=0
[HybridSearch] Google-only raw pages count: 0
[HybridSearch] Google-only after filterValidWebPages count: 0
[HybridSearch] Google-only 取得頁面但無有效內容
[GoogleService] raw customsearch response (trimmed): {"kind":"customsearch#search","url":{"type":"application/json","template":"https://www.googleapis.com/customsearch/v1?q={searchTerms}&num={count?}&start={startIndex?}&lr={language?}&safe={safe?}&cx={cx?}&sort={sort?}&filter={filter?}&gl={gl?}&cr={cr?}&googlehost={googleHost?}&c2coff={disableCnTwTranslation?}&hq={hq?}&hl={hl?}&siteSearch={siteSearch?}&siteSearchFilter={siteSearchFilter?}&exactTerms={exactTerms?}&excludeTerms={excludeTerms?}&linkSite={linkSite?}&orTerms={orTerms?}&dateRestrict={dateRestrict?}&lowRange={lowRange?}&highRange={highRange?}&searchType={searchType}&fileType={fileType?}&rights={rights?}&imgSize={imgSize?}&imgType={imgType?}&imgColorType={imgColorType?}&imgDominantColor={imgDominantColor?}&alt=json"},"queries":{"request":[{"title":"Google Custom Search - 睡覺 咖啡廳","searchTerms":"睡覺 咖啡廳","count":10,"startIndex":1,"inputEncoding":"utf8","outputEncoding":"utf8","safe":"off","cx":"e53265ce7ceb44a30"}]},"context":{"title":"CafeFinder"},"searchInformation":{"searchTime":0.320958,"formattedSearchTime":"0.32","totalResults":"0","formattedTotalResults":"0"}}
[GoogleService] searchInformation.totalResults=0
[GoogleService] customSearch returned no items, trying HTML fallback
[GoogleQuery] parsed HTML snippet: <!DOCTYPE html><html lang="zh-TW"><head><title>Google Search</title><style>body{background-color:#fff}</style><script nonce="5njw-LVgG1_ECEhkndIb4Q">window.google = window.google || {};window.google.c = window.google.c || {cap:0};</script></head><body><noscript><style>table,div,span,p{display:none}</style><meta content="0;url=/httpservice/retry/enablejs?sei=llRBaYHIIuCMvr0PouOt0QY" http-equiv="refresh"><div style="display:block">如果系統沒有在數秒鐘後將您重新導向，請按一下<a href="/httpservice/retry/enablejs?sei=llRBaYHIIuCMvr0PouOt0QY">這裡</a>。</div></noscript><script nonce="5njw-LVgG1_ECEhkndIb4Q">(function(){var sctm=false;(function(){sctm&&google.tick("load","pbsst");}).call(this);})();</script><script nonce="5njw-LVgG1_ECEhkndIb4Q">//# sourceMappingURL=data:application/json;charset=utf-8;base64,eyJ2ZXJzaW9uIjogMywic291cmNlcyI6WyIiXSwic291cmNlc0NvbnRlbnQiOlsiICJdLCJuYW1lcyI6WyJjbG9zdXJlRHluYW1pY0J1dHRvbiJdLCJtYXBwaW5ncyI6IkFBQUE7QUFBQTtBQUFBO0FBQUE7QUFBQTtBQUFBO0FBQUEifQ==(function(){var G=function(c,B,Y,x,R,n,D,V,W,F){{W=27;while(W!=40){if(W==56)return F;if(W==42)W=(Y^40)&7?56:5;else if(W==c)W=(Y>>B&7)==B?94:42;else if(W==94)F=x,W=42;else if(W==27)W=c;else if(W==5){if((D=(V=O.trustedTypes,x),V)&&V.createPolicy){try{D=V.createPolicy(n,{createHTML:S,createScript:S,createScriptURL:S})}catch(u){if(O.console)O.console[R](u.message)}F=D}else F=D;W=56}}}},O=this||self,S=function(c){return G.call(this,95,1,3,c)};(0,eval)(function(c,B){return(B=G(95,1,8,null,"error","ks"))&&c.eval(B.createScript("1"))===1?function(Y){return B.createScript(Y)}:function(Y){return""+Y}}(O)(Array(Math.random()*7824|0).join("\n")+['//# sourceMappingURL=data:application/json;charset=utf-8;base64,eyJ2ZXJzaW9uIjogMywic291cmNlcyI6WyIiXSwic291cmNlc0NvbnRlbnQiOlsiICJdLCJuYW1lcyI6WyJjbG9zdXJlRHluYW1pY0J1dHRvbiJdLCJtYXBwaW5ncyI6IkFBQUE7QUFBQTtBQUFBO0FBQUE7QUFBQTtBQUFBO0FBQUEifQ==','(function(){/*','',' Copyright Google LLC',' SPDX-License-Identifier: Apache-2.0','*/','var Fs=function(W,c,Y,B,F,O,D,G,S,u,x){{x=66;while(x!=
[GoogleQuery] found candidate anchors count=0
[GoogleService] HTML fallback returned count=0
[GoogleService] customSearch returned count=0
[HybridSearch] Google-only raw pages count: 0
[HybridSearch] Google-only after filterValidWebPages count: 0
[HybridSearch] Google-only 取得頁面但無有效內容
[GoogleService] raw customsearch response (trimmed): {"kind":"customsearch#search","url":{"type":"application/json","template":"https://www.googleapis.com/customsearch/v1?q={searchTerms}&num={count?}&start={startIndex?}&lr={language?}&safe={safe?}&cx={cx?}&sort={sort?}&filter={filter?}&gl={gl?}&cr={cr?}&googlehost={googleHost?}&c2coff={disableCnTwTranslation?}&hq={hq?}&hl={hl?}&siteSearch={siteSearch?}&siteSearchFilter={siteSearchFilter?}&exactTerms={exactTerms?}&excludeTerms={excludeTerms?}&linkSite={linkSite?}&orTerms={orTerms?}&dateRestrict={dateRestrict?}&lowRange={lowRange?}&highRange={highRange?}&searchType={searchType}&fileType={fileType?}&rights={rights?}&imgSize={imgSize?}&imgType={imgType?}&imgColorType={imgColorType?}&imgDominantColor={imgDominantColor?}&alt=json"},"queries":{"request":[{"title":"Google Custom Search - 睡覺 咖啡廳","searchTerms":"睡覺 咖啡廳","count":10,"startIndex":1,"inputEncoding":"utf8","outputEncoding":"utf8","safe":"off","cx":"e53265ce7ceb44a30"}]},"context":{"title":"CafeFinder"},"searchInformation":{"searchTime":0.112115,"formattedSearchTime":"0.11","totalResults":"0","formattedTotalResults":"0"}}
[GoogleService] searchInformation.totalResults=0
[GoogleService] customSearch returned no items, trying HTML fallback
[GoogleQuery] parsed HTML snippet: <!DOCTYPE html><html lang="zh-TW"><head><title>Google Search</title><style>body{background-color:#fff}</style><script nonce="pknatRBrFEK9US1k_KMTEQ">window.google = window.google || {};window.google.c = window.google.c || {cap:0};</script></head><body><noscript><style>table,div,span,p{display:none}</style><meta content="0;url=/httpservice/retry/enablejs?sei=v1VBafz4Jcvm2roP5-i68AQ" http-equiv="refresh"><div style="display:block">如果系統沒有在數秒鐘後將您重新導向，請按一下<a href="/httpservice/retry/enablejs?sei=v1VBafz4Jcvm2roP5-i68AQ">這裡</a>。</div></noscript><script nonce="pknatRBrFEK9US1k_KMTEQ">(function(){var sctm=false;(function(){sctm&&google.tick("load","pbsst");}).call(this);})();</script><script nonce="pknatRBrFEK9US1k_KMTEQ">//# sourceMappingURL=data:application/json;charset=utf-8;base64,eyJ2ZXJzaW9uIjogMywic291cmNlcyI6WyIiXSwic291cmNlc0NvbnRlbnQiOlsiICJdLCJuYW1lcyI6WyJjbG9zdXJlRHluYW1pY0J1dHRvbiJdLCJtYXBwaW5ncyI6IkFBQUE7QUFBQTtBQUFBO0FBQUE7QUFBQTtBQUFBO0FBQUEifQ==(function(){var G=function(c,B,Y,x,R,n,D,V,W,F){{W=27;while(W!=40){if(W==56)return F;if(W==42)W=(Y^40)&7?56:5;else if(W==c)W=(Y>>B&7)==B?94:42;else if(W==94)F=x,W=42;else if(W==27)W=c;else if(W==5){if((D=(V=O.trustedTypes,x),V)&&V.createPolicy){try{D=V.createPolicy(n,{createHTML:S,createScript:S,createScriptURL:S})}catch(u){if(O.console)O.console[R](u.message)}F=D}else F=D;W=56}}}},O=this||self,S=function(c){return G.call(this,95,1,3,c)};(0,eval)(function(c,B){return(B=G(95,1,8,null,"error","ks"))&&c.eval(B.createScript("1"))===1?function(Y){return B.createScript(Y)}:function(Y){return""+Y}}(O)(Array(Math.random()*7824|0).join("\n")+['//# sourceMappingURL=data:application/json;charset=utf-8;base64,eyJ2ZXJzaW9uIjogMywic291cmNlcyI6WyIiXSwic291cmNlc0NvbnRlbnQiOlsiICJdLCJuYW1lcyI6WyJjbG9zdXJlRHluYW1pY0J1dHRvbiJdLCJtYXBwaW5ncyI6IkFBQUE7QUFBQTtBQUFBO0FBQUE7QUFBQTtBQUFBO0FBQUEifQ==','(function(){/*','',' Copyright Google LLC',' SPDX-License-Identifier: Apache-2.0','*/','var Fs=function(W,c,Y,B,F,O,D,G,S,u,x){{x=66;while(x!=
[GoogleQuery] found candidate anchors count=0
[GoogleService] HTML fallback returned count=0
[GoogleService] customSearch returned count=0
[HybridSearch] Google-only raw pages count: 0
[HybridSearch] Google-only after filterValidWebPages count: 0
[HybridSearch] Google-only 取得頁面但無有效內容
[GoogleService] raw customsearch response (trimmed): {"kind":"customsearch#search","url":{"type":"application/json","template":"https://www.googleapis.com/customsearch/v1?q={searchTerms}&num={count?}&start={startIndex?}&lr={language?}&safe={safe?}&cx={cx?}&sort={sort?}&filter={filter?}&gl={gl?}&cr={cr?}&googlehost={googleHost?}&c2coff={disableCnTwTranslation?}&hq={hq?}&hl={hl?}&siteSearch={siteSearch?}&siteSearchFilter={siteSearchFilter?}&exactTerms={exactTerms?}&excludeTerms={excludeTerms?}&linkSite={linkSite?}&orTerms={orTerms?}&dateRestrict={dateRestrict?}&lowRange={lowRange?}&highRange={highRange?}&searchType={searchType}&fileType={fileType?}&rights={rights?}&imgSize={imgSize?}&imgType={imgType?}&imgColorType={imgColorType?}&imgDominantColor={imgDominantColor?}&alt=json"},"queries":{"request":[{"title":"Google Custom Search - 讀書 咖啡廳","totalResults":"9","searchTerms":"讀書 咖啡廳","count":9,"startIndex":1,"inputEncoding":"utf8","outputEncoding":"utf8","safe":"off","cx":"e53265ce7ceb44a30"}]},"context":{"title":"CafeFinder"},"searchInformation":{"searchTime":0.332447,"formattedSearchTime":"0.33","totalResults":"9","formattedTotalResults":"9"},"items":[{"kind":"customsearch#result","title":"【台大公館咖啡廳】Pica Pica Café 喜鵲咖啡不限時可讀書久坐，好吃 ...","htmlTitle":"【台大公館<b>咖啡廳</b>】Pica Pica Café 喜鵲咖啡不限時可<b>讀書</b>久坐，好吃 ...","link":"https://tenjo.tw/picapica-cafe/","displayLink":"tenjo.tw","snippet":"Aug 14, 2020 ... 【台大公館咖啡廳】Pica Pica Café 喜鵲咖啡不限時可讀書久坐，好吃肉桂捲提拉米蘇 · Pica Pica Café 喜鵲咖啡 · 地址：台北市大安區羅斯福路三段269巷74號.","htmlSnippet":"Aug 14, 2020 <b>...</b> 【台大公館<b>咖啡廳</b>】Pica Pica Café 喜鵲咖啡不限時可<b>讀書</b>久坐，好吃肉桂捲提拉米蘇 &middot; Pica Pica Café 喜鵲咖啡 &middot; 地址：台北市大安區羅斯福路三段269巷74號.","formattedUrl":"https://tenjo.tw/picapica-cafe/","htmlFormattedUrl":"https://tenjo.tw/picapica-cafe/","pagemap":{"cse_thumbnail":[{"src":"https://encrypted-tbn0.gstatic.com/images?q=tbn:ANd9GcQerBMtmjMuI5dLCkk244zKZ6xayskrPBNVwAXc7TUIP0EZFPZpczbPSAc&s","width":"275","height":"183"}],"metatags":[{"og:image":"https://tenjo.tw/wp-content/uploads/20200808171857_70.jpg","copyright":"Copyright tenjo.tw All rights reserved.","og:image:width":"1000","article:published_time":"2020-08-14T16:04:56+08:00","twitter:card":"summary_large_image","og:site_name":"周花花，甲飽沒","msapplication-tileimage":"https://tenjo.tw/wp-content/uploads/cropped-002.png","og:description":"在那個肉桂捲還沒有成為流行的年代，台北有賣肉桂捲的咖啡廳並不多台大公館巷弄內的《喜鵲咖啡》，便是我剛出社會時很愛且常待的咖啡店時隔幾年再次回訪《喜鵲咖啡》，喝的已昇華成一種回憶，有些味道陪著你成長，才最深刻銘心Pica Pica Café 喜鵲咖啡推薦指數：★★★★☆　4顆星一句短評：台大公館不限時安靜咖啡廳，有很多人","twitter:creator":"https://www.facebook.com/tenjochou/","og:image:secure_url":"https://tenjo.tw/wp-content/uploads/20200808171857_70.jpg","article:publisher":"https://www.facebook.com/tenjochou/","twitter:image":"https://tenjo.tw/wp-content/uploads/20200808171857_70.jpg","twitter:site":"@周花花，甲飽沒","article:modified_time":"2020-08-14T16:06:16+08:00","og:see_also":"https://tenjo.tw/picapica-cafe/","og:type":"article","og:image:alt":"【台大公館咖啡廳】Pica Pica Café 喜鵲咖啡 不限時可讀書久坐，好吃肉桂捲提拉米蘇 @ 周花花，甲飽沒","article:section":"吃在台北古亭師大, 吃在台北公館景美, 甜點咖啡","twitter:title":"【
[GoogleService] searchInformation.totalResults=9
[GoogleService] raw customsearch response (trimmed): {"kind":"customsearch#search","url":{"type":"application/json","template":"https://www.googleapis.com/customsearch/v1?q={searchTerms}&num={count?}&start={startIndex?}&lr={language?}&safe={safe?}&cx={cx?}&sort={sort?}&filter={filter?}&gl={gl?}&cr={cr?}&googlehost={googleHost?}&c2coff={disableCnTwTranslation?}&hq={hq?}&hl={hl?}&siteSearch={siteSearch?}&siteSearchFilter={siteSearchFilter?}&exactTerms={exactTerms?}&excludeTerms={excludeTerms?}&linkSite={linkSite?}&orTerms={orTerms?}&dateRestrict={dateRestrict?}&lowRange={lowRange?}&highRange={highRange?}&searchType={searchType}&fileType={fileType?}&rights={rights?}&imgSize={imgSize?}&imgType={imgType?}&imgColorType={imgColorType?}&imgDominantColor={imgDominantColor?}&alt=json"},"queries":{"previousPage":[{"title":"Google Custom Search - 讀書 咖啡廳","searchTerms":"讀書 咖啡廳","count":10,"startIndex":1,"inputEncoding":"utf8","outputEncoding":"utf8","safe":"off","cx":"e53265ce7ceb44a30"}],"request":[{"title":"Google Custom Search - 讀書 咖啡廳","searchTerms":"讀書 咖啡廳","count":10,"startIndex":11,"inputEncoding":"utf8","outputEncoding":"utf8","safe":"off","cx":"e53265ce7ceb44a30"}]},"context":{"title":"CafeFinder"},"searchInformation":{"searchTime":0.198751,"formattedSearchTime":"0.20","totalResults":"0","formattedTotalResults":"0"}}
[GoogleService] searchInformation.totalResults=0
[GoogleService] customSearch returned count=9
[GoogleService] raw customsearch response (trimmed): {"kind":"customsearch#search","url":{"type":"application/json","template":"https://www.googleapis.com/customsearch/v1?q={searchTerms}&num={count?}&start={startIndex?}&lr={language?}&safe={safe?}&cx={cx?}&sort={sort?}&filter={filter?}&gl={gl?}&cr={cr?}&googlehost={googleHost?}&c2coff={disableCnTwTranslation?}&hq={hq?}&hl={hl?}&siteSearch={siteSearch?}&siteSearchFilter={siteSearchFilter?}&exactTerms={exactTerms?}&excludeTerms={excludeTerms?}&linkSite={linkSite?}&orTerms={orTerms?}&dateRestrict={dateRestrict?}&lowRange={lowRange?}&highRange={highRange?}&searchType={searchType}&fileType={fileType?}&rights={rights?}&imgSize={imgSize?}&imgType={imgType?}&imgColorType={imgColorType?}&imgDominantColor={imgDominantColor?}&alt=json"},"queries":{"request":[{"title":"Google Custom Search - 咖啡廳","totalResults":"116000","searchTerms":"咖啡廳","count":10,"startIndex":1,"inputEncoding":"utf8","outputEncoding":"utf8","safe":"off","cx":"e53265ce7ceb44a30"}],"nextPage":[{"title":"Google Custom Search - 咖啡廳","totalResults":"116000","searchTerms":"咖啡廳","count":10,"startIndex":11,"inputEncoding":"utf8","outputEncoding":"utf8","safe":"off","cx":"e53265ce7ceb44a30"}]},"context":{"title":"CafeFinder"},"searchInformation":{"searchTime":0.106129,"formattedSearchTime":"0.11","totalResults":"116000","formattedTotalResults":"116,000"},"items":[{"kind":"customsearch#result","title":"文山區11家特色咖啡廳攻略【上】：喫茶枝音昭和咖啡、湖畔「廢墟 ...","htmlTitle":"文山區11家特色<b>咖啡廳</b>攻略【上】：喫茶枝音昭和咖啡、湖畔「廢墟 ...","link":"https://www.verse.com.tw/article/2025-wenshan-coffee-1","displayLink":"www.verse.com.tw","snippet":"Apr 27, 2025 ... 文山區11家特色咖啡廳攻略【上】：喫茶枝音昭和咖啡、湖畔「廢墟」咖啡、惜惜咖啡，職人烘豆與北歐風秘境 · 1. 喫茶枝音：社區中心般的喫茶店 · 2. 自由・之 ...","htmlSnippet":"Apr 27, 2025 <b>...</b> 文山區11家特色<b>咖啡廳</b>攻略【上】：喫茶枝音昭和咖啡、湖畔「廢墟」咖啡、惜惜咖啡，職人烘豆與北歐風秘境 &middot; 1. 喫茶枝音：社區中心般的喫茶店 &middot; 2. 自由・之&nbsp;...","formattedUrl":"https://www.verse.com.tw/article/2025-wenshan-coffee-1","htmlFormattedUrl":"https://www.verse.com.tw/article/2025-wenshan-coffee-1","pagemap":{"cse_thumbnail":[{"src":"https://encrypted-tbn0.gstatic.com/images?q=tbn:ANd9GcQO1O4y6L9Rg24BG3olygh29XGaASbnhtzr4eC9EVHDhxmi-YEujq5M1KUz&s","width":"275","height":"183"}],"metatags":[{"og:image":"https://5mtz55f1.tinifycdn.com/storage/app/uploads/public/680/a0e/9d5/680a0e9d5b87e654045005.jpg","og:type":"website","twitter:card":"summary_large_image","twitter:title":"文山區11家特色咖啡廳攻略【上】：喫茶枝音昭和咖啡、湖畔「廢墟」咖啡、惜惜咖啡，職人烘豆與北歐風秘境 - VERSE","og:site_name":"VERSE","twitter:domain":"verse.com.tw","twitter:url":"https://www.verse.com.tw/article/2025-wenshan-coffee-1","author":"VERSE","og:title":"文山區11家特色咖啡廳攻略【上】：喫茶枝音昭和咖啡、湖畔「廢墟」咖啡、惜惜咖啡，職人烘豆與北歐風秘境 - VERSE","title":"文山區11家特色咖啡廳攻略【上】：喫茶枝音昭和咖啡、湖畔「廢墟」咖啡、惜惜咖啡，職人烘豆與北歐風秘境 - VERSE","og:description":"文山區座落在台北的邊界，擁有山林綠意與老社區交織的獨特氛圍。從景美、萬隆到貓空，這裡聚集了許多風格各異的咖啡館，有的主打職人精神與直火烘豆，有的則彷彿隱身山腳的生活提案空間。VERSE為你精選6間各具特色的咖啡館，探索台北南方的質感咖啡地圖。","twitter:image:src":"https://5mtz55f1.tinifycdn.com/storage/app/uploads/public/680/a0e/9d5/680a0e9d5b87e654045005.jpg","viewport":"width=device-width, user-sca
[GoogleService] searchInformation.totalResults=116000
[GoogleService] raw customsearch response (trimmed): {"kind":"customsearch#search","url":{"type":"application/json","template":"https://www.googleapis.com/customsearch/v1?q={searchTerms}&num={count?}&start={startIndex?}&lr={language?}&safe={safe?}&cx={cx?}&sort={sort?}&filter={filter?}&gl={gl?}&cr={cr?}&googlehost={googleHost?}&c2coff={disableCnTwTranslation?}&hq={hq?}&hl={hl?}&siteSearch={siteSearch?}&siteSearchFilter={siteSearchFilter?}&exactTerms={exactTerms?}&excludeTerms={excludeTerms?}&linkSite={linkSite?}&orTerms={orTerms?}&dateRestrict={dateRestrict?}&lowRange={lowRange?}&highRange={highRange?}&searchType={searchType}&fileType={fileType?}&rights={rights?}&imgSize={imgSize?}&imgType={imgType?}&imgColorType={imgColorType?}&imgDominantColor={imgDominantColor?}&alt=json"},"queries":{"previousPage":[{"title":"Google Custom Search - 咖啡廳","totalResults":"13","searchTerms":"咖啡廳","count":3,"startIndex":1,"inputEncoding":"utf8","outputEncoding":"utf8","safe":"off","cx":"e53265ce7ceb44a30"}],"request":[{"title":"Google Custom Search - 咖啡廳","totalResults":"13","searchTerms":"咖啡廳","count":3,"startIndex":11,"inputEncoding":"utf8","outputEncoding":"utf8","safe":"off","cx":"e53265ce7ceb44a30"}]},"context":{"title":"CafeFinder"},"searchInformation":{"searchTime":0.165523,"formattedSearchTime":"0.17","totalResults":"13","formattedTotalResults":"13"},"items":[{"kind":"customsearch#result","title":"CBC SPACE 景美咖啡圖書館Cafe Boven Co-working，雜誌書籍隨你 ...","htmlTitle":"CBC SPACE 景美<b>咖啡</b>圖書館Cafe Boven Co-working，雜誌書籍隨你 ...","link":"https://upssmile.com/189613/cbc-space-cafe","displayLink":"upssmile.com","snippet":"Jun 17, 2023 ... 店家/景點資訊 · 店家名稱：CBC SPACE景美咖啡圖書館 · 所在地址：116臺灣台北市文山區景興路193號 · 營業時間：日 一 二 三 四 五 六 08:00-21:00 · 店家 ...","htmlSnippet":"Jun 17, 2023 <b>...</b> 店家/景點資訊 &middot; 店家名稱：CBC SPACE景美<b>咖啡</b>圖書館 &middot; 所在地址：116臺灣台北市文山區景興路193號 &middot; 營業時間：日 一 二 三 四 五 六 08:00-21:00 &middot; 店家&nbsp;...","formattedUrl":"https://upssmile.com/189613/cbc-space-cafe","htmlFormattedUrl":"https://upssmile.com/189613/cbc-space-cafe","pagemap":{"cse_thumbnail":[{"src":"https://encrypted-tbn0.gstatic.com/images?q=tbn:ANd9GcTUCWV8pMTE_yiYc1VS8w61jz2wRCTTs4jI-Mav4T9tua4H_4TSmYvyB1vc&s","width":"310","height":"163"}],"metatags":[{"og:see_also":"https://upssmile.com/262656/roberta-di-camerino","og:image":"https://upssmile.com/wp-content/uploads/2023/06/20230509-IMG_8852-2.jpg","copyright":"Copyright upssmile.com All rights reserved.","og:type":"article","og:image:width":"800","og:image:alt":"CBC SPACE 景美咖啡圖書館Cafe Boven Co-working，雜誌書籍隨你翻閱，空間租借提供包場，景美咖啡廳推薦 @ upssmile向上的微笑萍子 旅食設影","og:site_name":"upssmile向上的微笑萍子 旅食設影","author":"upssmile","og:title":"北市絕美圖書館咖啡廳，捷運景美站咖啡廳，複合式經營，1樓是咖啡廳，2樓是共享辦公空間，結合台北東區知名的boven雜誌圖書館，木質調空間，雜誌隨你翻，提供輕食、咖啡、肉桂捲、甜點等，適合待上一整天。","og:image:height":"420","og:updated_time":"2023-06-17T8:32:44+08:00","og:description":"北市絕美圖書館咖啡廳，CBC SPACE景美咖啡圖書館 Cafe Boven Co-working位於台北市文山區景興路上，近捷運景美站咖啡廳，CBC SPACE商務中心的第七間分館，複合式經營，1樓是咖啡廳，2樓是共享辦公空間，結合台北東區知名的boven雜誌圖書館，木質調空間，充滿書卷氣的文青咖啡廳，從早上8點營業","og:image:secure_url":"https://upssm
[GoogleService] searchInformation.totalResults=13
[GoogleService] raw customsearch response (trimmed): {"kind":"customsearch#search","url":{"type":"application/json","template":"https://www.googleapis.com/customsearch/v1?q={searchTerms}&num={count?}&start={startIndex?}&lr={language?}&safe={safe?}&cx={cx?}&sort={sort?}&filter={filter?}&gl={gl?}&cr={cr?}&googlehost={googleHost?}&c2coff={disableCnTwTranslation?}&hq={hq?}&hl={hl?}&siteSearch={siteSearch?}&siteSearchFilter={siteSearchFilter?}&exactTerms={exactTerms?}&excludeTerms={excludeTerms?}&linkSite={linkSite?}&orTerms={orTerms?}&dateRestrict={dateRestrict?}&lowRange={lowRange?}&highRange={highRange?}&searchType={searchType}&fileType={fileType?}&rights={rights?}&imgSize={imgSize?}&imgType={imgType?}&imgColorType={imgColorType?}&imgDominantColor={imgDominantColor?}&alt=json"},"queries":{"previousPage":[{"title":"Google Custom Search - 咖啡廳","searchTerms":"咖啡廳","count":7,"startIndex":14,"inputEncoding":"utf8","outputEncoding":"utf8","safe":"off","cx":"e53265ce7ceb44a30"}],"request":[{"title":"Google Custom Search - 咖啡廳","searchTerms":"咖啡廳","count":7,"startIndex":21,"inputEncoding":"utf8","outputEncoding":"utf8","safe":"off","cx":"e53265ce7ceb44a30"}]},"context":{"title":"CafeFinder"},"searchInformation":{"searchTime":0.131262,"formattedSearchTime":"0.13","totalResults":"0","formattedTotalResults":"0"}}
[GoogleService] searchInformation.totalResults=0
[GoogleService] customSearch returned count=13
HTTP 錯誤: 308 for URL: https://chiahsinyeh.pixnet.net/blog/post/225344827
[HybridSearch] Google-only raw pages count: 8
[HybridSearch] google-only sample[0] url=https://www.verse.com.tw/article/2025-wenshan-coffee-1 name=文山區11家特色咖啡廳攻略【上】：喫茶枝音昭和咖啡、湖畔「廢墟 ... contentLen=6272
[HybridSearch] google-only sample[1] url=https://whos-talking.com/2025/02/17/stoppagetimecafe/ name=【台北大安】Stoppage Time 補時｜大安區不限時咖啡廳，鄰近捷運 ... contentLen=72921
[HybridSearch] google-only sample[2] url=https://whos-talking.com/2024/06/06/2730cafe/ name=【台北大安】2730café 貳柒參零咖啡|不限時復古老宅咖啡廳|文青 ... contentLen=73379
[HybridSearch] google-only sample[3] url=https://whos-talking.com/2025/01/12/abd-coffeeandlife/ name=【台北文山】A.B.D. Coffee & Life｜萬隆不限時露營風咖啡廳，老闆的 ... contentLen=72714
[HybridSearch] google-only sample[4] url=https://tenjo.tw/picapica-cafe/ name=【台大公館咖啡廳】Pica Pica Café 喜鵲咖啡不限時可讀書久坐，好吃 ... contentLen=24136
[HybridSearch] google-only sample[5] url=https://upssmile.com/189613/cbc-space-cafe name=CBC SPACE 景美咖啡圖書館Cafe Boven Co-working，雜誌書籍隨你 ... contentLen=32518
[HybridSearch] google-only sample[6] url=https://www.walkerland.com.tw/subject/view/418583 name=台北不限時咖啡廳14 間推薦！塔羅牌免費算、深夜也有營業。|美食 ... contentLen=5741
[HybridSearch] google-only sample[7] url=https://tenjo.tw/moooonriver/ name=【內湖瑞光路咖啡廳】Moooon River Cafe & Books 超美歐洲教堂 ... contentLen=24371
[HybridSearch] Google-only after filterValidWebPages count: 8
無法擷取連結: https://whos-talking.com/2025/01/12/abd-coffeeandlife/
[HybridSearch] Google-only raw pages count: 13
[HybridSearch] google-only sample[0] url=https://whos-talking.com/2025/02/17/stoppagetimecafe/ name=【台北大安】Stoppage Time 補時｜大安區不限時咖啡廳，鄰近捷運 ... contentLen=72921
[HybridSearch] google-only sample[1] url=https://hiyori.cc/article/op_118_2 name=菸花《Op118.2》：迪化街一段14巷尾咖啡廳，古典黑膠圍繞的療癒 ... contentLen=7229
[HybridSearch] google-only sample[2] url=https://www.walkerland.com.tw/subject/view/418583 name=台北不限時咖啡廳14 間推薦！塔羅牌免費算、深夜也有營業。|美食 ... contentLen=5740
[HybridSearch] google-only sample[3] url=https://tenjo.tw/moooonriver/ name=【內湖瑞光路咖啡廳】Moooon River Cafe & Books 超美歐洲教堂 ... contentLen=24371
[HybridSearch] google-only sample[4] url=https://upssmile.com/205457/crofee name=一早8點就營業新開幕台北東區韓系攝影棚早午餐咖啡廳，新光三越 ... contentLen=34427
[HybridSearch] google-only sample[5] url=https://auntie.tw/youmoutoohana-coffee-2/ name=【台北】忠孝新生｜羊毛與花‧ 華山，特調西西里咖啡、香滑濃郁雞蛋 ... contentLen=70423
[HybridSearch] google-only sample[6] url=https://www.verse.com.tw/article/2025-wenshan-coffee-1 name=文山區11家特色咖啡廳攻略【上】：喫茶枝音昭和咖啡、湖畔「廢墟 ... contentLen=6272
[HybridSearch] google-only sample[7] url=https://whos-talking.com/2024/06/06/2730cafe/ name=【台北大安】2730café 貳柒參零咖啡|不限時復古老宅咖啡廳|文青 ... contentLen=73379
[HybridSearch] Google-only after filterValidWebPages count: 13
[去重] 新增: 潘寓 Pan's Haunt(安靜工作咖啡廳） -> key: id:cafe_029
[去重] 新增: 羊毛與花 ‧ 永康 -> key: id:cafe_001
[去重] 新增: Moooon River Cafe & Books -> key: id:cafe_002
[去重] 新增: 北風社 -> key: id:cafe_004
[去重] 新增: Joco latte -> key: id:cafe_005
[去重] 新增: Homey's cafe -> key: id:cafe_008
[去重] 新增: 2730café 貳柒參零咖啡 -> key: id:cafe_009
[去重] 新增: 角公園咖啡 Triangle Garden Cafe -> key: id:cafe_010
[去重] 新增: Block & Cafe. 町咖啡 -> key: id:cafe_011
[去重] 新增: 巢 nido -> key: id:cafe_019
[去重] 新增: 未央咖啡店 -> key: id:cafe_022
[去重] 新增: 黑露咖啡館 OLO Coffee Roasters -> key: id:cafe_023
[去重] 新增: 小米酒咖啡館 -> key: id:cafe_026
[去重] 新增: 北風社 -> key: id:cafe_027
[去重] 新增: dark corner cafe -> key: id:cafe_028
[去重] 新增: CAFE RACO -> key: id:cafe_006
[去重] 新增: JOHN DOE CAFÉ 無名氏咖啡 -> key: id:cafe_012
[去重] 新增: 早秋咖啡 Cafe Macho -> key: id:cafe_025
[去重] 新增: Le Park Cafe公園咖啡館 -> key: id:cafe_013
[去重] 新增: ALL DAY ROASTING COMPANY 民生店 -> key: id:cafe_017
[去重] 新增: 浮光書店 (中山站/赤峰街) -> key: id:cafe_024
[去重] 新增: CBC SPACE 景美咖啡圖書館 Cafe Boven Co-working -> key: id:cafe_003
[去重] 新增: 且自 手作與咖啡 -> key: id:cafe_007
[去重] 新增: the quiet light 默光咖啡瑞安店 -> key: id:cafe_014
[去重] 新增: Remember Me_記得我．café -> key: id:cafe_020
[去重] 新增: CE' & LIB-RARY 遼寧店 -> key: id:cafe_030
[去重] 新增: Sugar Man Cafe -> key: id:cafe_015
[去重] 新增: 秘徑咖啡Alley’s Cafe -> key: id:cafe_016
[去重] 新增: 翌日咖啡店 -> key: id:cafe_018
[去重] 新增: Costumice Café -> key: id:cafe_021
[GoogleService] raw customsearch response (trimmed): {"kind":"customsearch#search","url":{"type":"application/json","template":"https://www.googleapis.com/customsearch/v1?q={searchTerms}&num={count?}&start={startIndex?}&lr={language?}&safe={safe?}&cx={cx?}&sort={sort?}&filter={filter?}&gl={gl?}&cr={cr?}&googlehost={googleHost?}&c2coff={disableCnTwTranslation?}&hq={hq?}&hl={hl?}&siteSearch={siteSearch?}&siteSearchFilter={siteSearchFilter?}&exactTerms={exactTerms?}&excludeTerms={excludeTerms?}&linkSite={linkSite?}&orTerms={orTerms?}&dateRestrict={dateRestrict?}&lowRange={lowRange?}&highRange={highRange?}&searchType={searchType}&fileType={fileType?}&rights={rights?}&imgSize={imgSize?}&imgType={imgType?}&imgColorType={imgColorType?}&imgDominantColor={imgDominantColor?}&alt=json"},"queries":{"request":[{"title":"Google Custom Search - 咖啡廳","totalResults":"116000","searchTerms":"咖啡廳","count":10,"startIndex":1,"inputEncoding":"utf8","outputEncoding":"utf8","safe":"off","cx":"e53265ce7ceb44a30"}],"nextPage":[{"title":"Google Custom Search - 咖啡廳","totalResults":"116000","searchTerms":"咖啡廳","count":10,"startIndex":11,"inputEncoding":"utf8","outputEncoding":"utf8","safe":"off","cx":"e53265ce7ceb44a30"}]},"context":{"title":"CafeFinder"},"searchInformation":{"searchTime":0.160735,"formattedSearchTime":"0.16","totalResults":"116000","formattedTotalResults":"116,000"},"items":[{"kind":"customsearch#result","title":"文山區11家特色咖啡廳攻略【上】：喫茶枝音昭和咖啡、湖畔「廢墟 ...","htmlTitle":"文山區11家特色<b>咖啡廳</b>攻略【上】：喫茶枝音昭和咖啡、湖畔「廢墟 ...","link":"https://www.verse.com.tw/article/2025-wenshan-coffee-1","displayLink":"www.verse.com.tw","snippet":"Apr 27, 2025 ... 文山區11家特色咖啡廳攻略【上】：喫茶枝音昭和咖啡、湖畔「廢墟」咖啡、惜惜咖啡，職人烘豆與北歐風秘境 · 1. 喫茶枝音：社區中心般的喫茶店 · 2. 自由・之 ...","htmlSnippet":"Apr 27, 2025 <b>...</b> 文山區11家特色<b>咖啡廳</b>攻略【上】：喫茶枝音昭和咖啡、湖畔「廢墟」咖啡、惜惜咖啡，職人烘豆與北歐風秘境 &middot; 1. 喫茶枝音：社區中心般的喫茶店 &middot; 2. 自由・之&nbsp;...","formattedUrl":"https://www.verse.com.tw/article/2025-wenshan-coffee-1","htmlFormattedUrl":"https://www.verse.com.tw/article/2025-wenshan-coffee-1","pagemap":{"cse_thumbnail":[{"src":"https://encrypted-tbn0.gstatic.com/images?q=tbn:ANd9GcQO1O4y6L9Rg24BG3olygh29XGaASbnhtzr4eC9EVHDhxmi-YEujq5M1KUz&s","width":"275","height":"183"}],"metatags":[{"og:image":"https://5mtz55f1.tinifycdn.com/storage/app/uploads/public/680/a0e/9d5/680a0e9d5b87e654045005.jpg","og:type":"website","twitter:card":"summary_large_image","twitter:title":"文山區11家特色咖啡廳攻略【上】：喫茶枝音昭和咖啡、湖畔「廢墟」咖啡、惜惜咖啡，職人烘豆與北歐風秘境 - VERSE","og:site_name":"VERSE","twitter:domain":"verse.com.tw","twitter:url":"https://www.verse.com.tw/article/2025-wenshan-coffee-1","author":"VERSE","og:title":"文山區11家特色咖啡廳攻略【上】：喫茶枝音昭和咖啡、湖畔「廢墟」咖啡、惜惜咖啡，職人烘豆與北歐風秘境 - VERSE","title":"文山區11家特色咖啡廳攻略【上】：喫茶枝音昭和咖啡、湖畔「廢墟」咖啡、惜惜咖啡，職人烘豆與北歐風秘境 - VERSE","og:description":"文山區座落在台北的邊界，擁有山林綠意與老社區交織的獨特氛圍。從景美、萬隆到貓空，這裡聚集了許多風格各異的咖啡館，有的主打職人精神與直火烘豆，有的則彷彿隱身山腳的生活提案空間。VERSE為你精選6間各具特色的咖啡館，探索台北南方的質感咖啡地圖。","twitter:image:src":"https://5mtz55f1.tinifycdn.com/storage/app/uploads/public/680/a0e/9d5/680a0e9d5b87e654045005.jpg","viewport":"width=device-width, user-sca
[GoogleService] searchInformation.totalResults=116000
[GoogleService] raw customsearch response (trimmed): {"kind":"customsearch#search","url":{"type":"application/json","template":"https://www.googleapis.com/customsearch/v1?q={searchTerms}&num={count?}&start={startIndex?}&lr={language?}&safe={safe?}&cx={cx?}&sort={sort?}&filter={filter?}&gl={gl?}&cr={cr?}&googlehost={googleHost?}&c2coff={disableCnTwTranslation?}&hq={hq?}&hl={hl?}&siteSearch={siteSearch?}&siteSearchFilter={siteSearchFilter?}&exactTerms={exactTerms?}&excludeTerms={excludeTerms?}&linkSite={linkSite?}&orTerms={orTerms?}&dateRestrict={dateRestrict?}&lowRange={lowRange?}&highRange={highRange?}&searchType={searchType}&fileType={fileType?}&rights={rights?}&imgSize={imgSize?}&imgType={imgType?}&imgColorType={imgColorType?}&imgDominantColor={imgDominantColor?}&alt=json"},"queries":{"previousPage":[{"title":"Google Custom Search - 咖啡廳","totalResults":"13","searchTerms":"咖啡廳","count":3,"startIndex":1,"inputEncoding":"utf8","outputEncoding":"utf8","safe":"off","cx":"e53265ce7ceb44a30"}],"request":[{"title":"Google Custom Search - 咖啡廳","totalResults":"13","searchTerms":"咖啡廳","count":3,"startIndex":11,"inputEncoding":"utf8","outputEncoding":"utf8","safe":"off","cx":"e53265ce7ceb44a30"}]},"context":{"title":"CafeFinder"},"searchInformation":{"searchTime":0.147209,"formattedSearchTime":"0.15","totalResults":"13","formattedTotalResults":"13"},"items":[{"kind":"customsearch#result","title":"CBC SPACE 景美咖啡圖書館Cafe Boven Co-working，雜誌書籍隨你 ...","htmlTitle":"CBC SPACE 景美<b>咖啡</b>圖書館Cafe Boven Co-working，雜誌書籍隨你 ...","link":"https://upssmile.com/189613/cbc-space-cafe","displayLink":"upssmile.com","snippet":"Jun 17, 2023 ... 店家/景點資訊 · 店家名稱：CBC SPACE景美咖啡圖書館 · 所在地址：116臺灣台北市文山區景興路193號 · 營業時間：日 一 二 三 四 五 六 08:00-21:00 · 店家 ...","htmlSnippet":"Jun 17, 2023 <b>...</b> 店家/景點資訊 &middot; 店家名稱：CBC SPACE景美<b>咖啡</b>圖書館 &middot; 所在地址：116臺灣台北市文山區景興路193號 &middot; 營業時間：日 一 二 三 四 五 六 08:00-21:00 &middot; 店家&nbsp;...","formattedUrl":"https://upssmile.com/189613/cbc-space-cafe","htmlFormattedUrl":"https://upssmile.com/189613/cbc-space-cafe","pagemap":{"cse_thumbnail":[{"src":"https://encrypted-tbn0.gstatic.com/images?q=tbn:ANd9GcTUCWV8pMTE_yiYc1VS8w61jz2wRCTTs4jI-Mav4T9tua4H_4TSmYvyB1vc&s","width":"310","height":"163"}],"metatags":[{"og:see_also":"https://upssmile.com/262656/roberta-di-camerino","og:image":"https://upssmile.com/wp-content/uploads/2023/06/20230509-IMG_8852-2.jpg","copyright":"Copyright upssmile.com All rights reserved.","og:type":"article","og:image:width":"800","og:image:alt":"CBC SPACE 景美咖啡圖書館Cafe Boven Co-working，雜誌書籍隨你翻閱，空間租借提供包場，景美咖啡廳推薦 @ upssmile向上的微笑萍子 旅食設影","og:site_name":"upssmile向上的微笑萍子 旅食設影","author":"upssmile","og:title":"北市絕美圖書館咖啡廳，捷運景美站咖啡廳，複合式經營，1樓是咖啡廳，2樓是共享辦公空間，結合台北東區知名的boven雜誌圖書館，木質調空間，雜誌隨你翻，提供輕食、咖啡、肉桂捲、甜點等，適合待上一整天。","og:image:height":"420","og:updated_time":"2023-06-17T8:32:44+08:00","og:description":"北市絕美圖書館咖啡廳，CBC SPACE景美咖啡圖書館 Cafe Boven Co-working位於台北市文山區景興路上，近捷運景美站咖啡廳，CBC SPACE商務中心的第七間分館，複合式經營，1樓是咖啡廳，2樓是共享辦公空間，結合台北東區知名的boven雜誌圖書館，木質調空間，充滿書卷氣的文青咖啡廳，從早上8點營業","og:image:secure_url":"https://upssm
[GoogleService] searchInformation.totalResults=13
[GoogleService] raw customsearch response (trimmed): {"kind":"customsearch#search","url":{"type":"application/json","template":"https://www.googleapis.com/customsearch/v1?q={searchTerms}&num={count?}&start={startIndex?}&lr={language?}&safe={safe?}&cx={cx?}&sort={sort?}&filter={filter?}&gl={gl?}&cr={cr?}&googlehost={googleHost?}&c2coff={disableCnTwTranslation?}&hq={hq?}&hl={hl?}&siteSearch={siteSearch?}&siteSearchFilter={siteSearchFilter?}&exactTerms={exactTerms?}&excludeTerms={excludeTerms?}&linkSite={linkSite?}&orTerms={orTerms?}&dateRestrict={dateRestrict?}&lowRange={lowRange?}&highRange={highRange?}&searchType={searchType}&fileType={fileType?}&rights={rights?}&imgSize={imgSize?}&imgType={imgType?}&imgColorType={imgColorType?}&imgDominantColor={imgDominantColor?}&alt=json"},"queries":{"previousPage":[{"title":"Google Custom Search - 咖啡廳","searchTerms":"咖啡廳","count":7,"startIndex":14,"inputEncoding":"utf8","outputEncoding":"utf8","safe":"off","cx":"e53265ce7ceb44a30"}],"request":[{"title":"Google Custom Search - 咖啡廳","searchTerms":"咖啡廳","count":7,"startIndex":21,"inputEncoding":"utf8","outputEncoding":"utf8","safe":"off","cx":"e53265ce7ceb44a30"}]},"context":{"title":"CafeFinder"},"searchInformation":{"searchTime":0.310705,"formattedSearchTime":"0.31","totalResults":"0","formattedTotalResults":"0"}}
[GoogleService] searchInformation.totalResults=0
[GoogleService] customSearch returned count=13
[HybridSearch] Google-only raw pages count: 13
[HybridSearch] google-only sample[0] url=https://whos-talking.com/2025/02/17/stoppagetimecafe/ name=【台北大安】Stoppage Time 補時｜大安區不限時咖啡廳，鄰近捷運 ... contentLen=72921
[HybridSearch] google-only sample[1] url=https://hiyori.cc/article/op_118_2 name=菸花《Op118.2》：迪化街一段14巷尾咖啡廳，古典黑膠圍繞的療癒 ... contentLen=7229
[HybridSearch] google-only sample[2] url=https://www.walkerland.com.tw/subject/view/418583 name=台北不限時咖啡廳14 間推薦！塔羅牌免費算、深夜也有營業。|美食 ... contentLen=5740
[HybridSearch] google-only sample[3] url=https://tenjo.tw/moooonriver/ name=【內湖瑞光路咖啡廳】Moooon River Cafe & Books 超美歐洲教堂 ... contentLen=24371
[HybridSearch] google-only sample[4] url=https://upssmile.com/205457/crofee name=一早8點就營業新開幕台北東區韓系攝影棚早午餐咖啡廳，新光三越 ... contentLen=34427
[HybridSearch] google-only sample[5] url=https://auntie.tw/youmoutoohana-coffee-2/ name=【台北】忠孝新生｜羊毛與花‧ 華山，特調西西里咖啡、香滑濃郁雞蛋 ... contentLen=70423
[HybridSearch] google-only sample[6] url=https://www.verse.com.tw/article/2025-wenshan-coffee-1 name=文山區11家特色咖啡廳攻略【上】：喫茶枝音昭和咖啡、湖畔「廢墟 ... contentLen=6272
[HybridSearch] google-only sample[7] url=https://whos-talking.com/2024/06/06/2730cafe/ name=【台北大安】2730café 貳柒參零咖啡|不限時復古老宅咖啡廳|文青 ... contentLen=73379
[HybridSearch] Google-only after filterValidWebPages count: 13
[去重] 新增: 潘寓 Pan's Haunt(安靜工作咖啡廳） -> key: id:cafe_029
[去重] 新增: 羊毛與花 ‧ 永康 -> key: id:cafe_001
[去重] 新增: Moooon River Cafe & Books -> key: id:cafe_002
[去重] 新增: 北風社 -> key: id:cafe_004
[去重] 新增: Joco latte -> key: id:cafe_005
[去重] 新增: Homey's cafe -> key: id:cafe_008
[去重] 新增: 2730café 貳柒參零咖啡 -> key: id:cafe_009
[去重] 新增: 角公園咖啡 Triangle Garden Cafe -> key: id:cafe_010
[去重] 新增: Block & Cafe. 町咖啡 -> key: id:cafe_011
[去重] 新增: 巢 nido -> key: id:cafe_019
[去重] 新增: 未央咖啡店 -> key: id:cafe_022
[去重] 新增: 黑露咖啡館 OLO Coffee Roasters -> key: id:cafe_023
[去重] 新增: 小米酒咖啡館 -> key: id:cafe_026
[去重] 新增: 北風社 -> key: id:cafe_027
[去重] 新增: dark corner cafe -> key: id:cafe_028
[去重] 新增: CAFE RACO -> key: id:cafe_006
[去重] 新增: JOHN DOE CAFÉ 無名氏咖啡 -> key: id:cafe_012
[去重] 新增: 早秋咖啡 Cafe Macho -> key: id:cafe_025
[去重] 新增: Le Park Cafe公園咖啡館 -> key: id:cafe_013
[去重] 新增: ALL DAY ROASTING COMPANY 民生店 -> key: id:cafe_017
[去重] 新增: 浮光書店 (中山站/赤峰街) -> key: id:cafe_024
[去重] 新增: CBC SPACE 景美咖啡圖書館 Cafe Boven Co-working -> key: id:cafe_003
[去重] 新增: 且自 手作與咖啡 -> key: id:cafe_007
[去重] 新增: the quiet light 默光咖啡瑞安店 -> key: id:cafe_014
[去重] 新增: Remember Me_記得我．café -> key: id:cafe_020
[去重] 新增: CE' & LIB-RARY 遼寧店 -> key: id:cafe_030
[去重] 新增: Sugar Man Cafe -> key: id:cafe_015
[去重] 新增: 秘徑咖啡Alley’s Cafe -> key: id:cafe_016
[去重] 新增: 翌日咖啡店 -> key: id:cafe_018
[去重] 新增: Costumice Café -> key: id:cafe_021
[GoogleService] raw customsearch response (trimmed): {"kind":"customsearch#search","url":{"type":"application/json","template":"https://www.googleapis.com/customsearch/v1?q={searchTerms}&num={count?}&start={startIndex?}&lr={language?}&safe={safe?}&cx={cx?}&sort={sort?}&filter={filter?}&gl={gl?}&cr={cr?}&googlehost={googleHost?}&c2coff={disableCnTwTranslation?}&hq={hq?}&hl={hl?}&siteSearch={siteSearch?}&siteSearchFilter={siteSearchFilter?}&exactTerms={exactTerms?}&excludeTerms={excludeTerms?}&linkSite={linkSite?}&orTerms={orTerms?}&dateRestrict={dateRestrict?}&lowRange={lowRange?}&highRange={highRange?}&searchType={searchType}&fileType={fileType?}&rights={rights?}&imgSize={imgSize?}&imgType={imgType?}&imgColorType={imgColorType?}&imgDominantColor={imgDominantColor?}&alt=json"},"queries":{"request":[{"title":"Google Custom Search - 咖啡廳","totalResults":"116000","searchTerms":"咖啡廳","count":10,"startIndex":1,"inputEncoding":"utf8","outputEncoding":"utf8","safe":"off","cx":"e53265ce7ceb44a30"}],"nextPage":[{"title":"Google Custom Search - 咖啡廳","totalResults":"116000","searchTerms":"咖啡廳","count":10,"startIndex":11,"inputEncoding":"utf8","outputEncoding":"utf8","safe":"off","cx":"e53265ce7ceb44a30"}]},"context":{"title":"CafeFinder"},"searchInformation":{"searchTime":0.170725,"formattedSearchTime":"0.17","totalResults":"116000","formattedTotalResults":"116,000"},"items":[{"kind":"customsearch#result","title":"文山區11家特色咖啡廳攻略【上】：喫茶枝音昭和咖啡、湖畔「廢墟 ...","htmlTitle":"文山區11家特色<b>咖啡廳</b>攻略【上】：喫茶枝音昭和咖啡、湖畔「廢墟 ...","link":"https://www.verse.com.tw/article/2025-wenshan-coffee-1","displayLink":"www.verse.com.tw","snippet":"Apr 27, 2025 ... 文山區11家特色咖啡廳攻略【上】：喫茶枝音昭和咖啡、湖畔「廢墟」咖啡、惜惜咖啡，職人烘豆與北歐風秘境 · 1. 喫茶枝音：社區中心般的喫茶店 · 2. 自由・之 ...","htmlSnippet":"Apr 27, 2025 <b>...</b> 文山區11家特色<b>咖啡廳</b>攻略【上】：喫茶枝音昭和咖啡、湖畔「廢墟」咖啡、惜惜咖啡，職人烘豆與北歐風秘境 &middot; 1. 喫茶枝音：社區中心般的喫茶店 &middot; 2. 自由・之&nbsp;...","formattedUrl":"https://www.verse.com.tw/article/2025-wenshan-coffee-1","htmlFormattedUrl":"https://www.verse.com.tw/article/2025-wenshan-coffee-1","pagemap":{"cse_thumbnail":[{"src":"https://encrypted-tbn0.gstatic.com/images?q=tbn:ANd9GcQO1O4y6L9Rg24BG3olygh29XGaASbnhtzr4eC9EVHDhxmi-YEujq5M1KUz&s","width":"275","height":"183"}],"metatags":[{"og:image":"https://5mtz55f1.tinifycdn.com/storage/app/uploads/public/680/a0e/9d5/680a0e9d5b87e654045005.jpg","og:type":"website","twitter:card":"summary_large_image","twitter:title":"文山區11家特色咖啡廳攻略【上】：喫茶枝音昭和咖啡、湖畔「廢墟」咖啡、惜惜咖啡，職人烘豆與北歐風秘境 - VERSE","og:site_name":"VERSE","twitter:domain":"verse.com.tw","twitter:url":"https://www.verse.com.tw/article/2025-wenshan-coffee-1","author":"VERSE","og:title":"文山區11家特色咖啡廳攻略【上】：喫茶枝音昭和咖啡、湖畔「廢墟」咖啡、惜惜咖啡，職人烘豆與北歐風秘境 - VERSE","title":"文山區11家特色咖啡廳攻略【上】：喫茶枝音昭和咖啡、湖畔「廢墟」咖啡、惜惜咖啡，職人烘豆與北歐風秘境 - VERSE","og:description":"文山區座落在台北的邊界，擁有山林綠意與老社區交織的獨特氛圍。從景美、萬隆到貓空，這裡聚集了許多風格各異的咖啡館，有的主打職人精神與直火烘豆，有的則彷彿隱身山腳的生活提案空間。VERSE為你精選6間各具特色的咖啡館，探索台北南方的質感咖啡地圖。","twitter:image:src":"https://5mtz55f1.tinifycdn.com/storage/app/uploads/public/680/a0e/9d5/680a0e9d5b87e654045005.jpg","viewport":"width=device-width, user-sca
[GoogleService] searchInformation.totalResults=116000
[GoogleService] raw customsearch response (trimmed): {"kind":"customsearch#search","url":{"type":"application/json","template":"https://www.googleapis.com/customsearch/v1?q={searchTerms}&num={count?}&start={startIndex?}&lr={language?}&safe={safe?}&cx={cx?}&sort={sort?}&filter={filter?}&gl={gl?}&cr={cr?}&googlehost={googleHost?}&c2coff={disableCnTwTranslation?}&hq={hq?}&hl={hl?}&siteSearch={siteSearch?}&siteSearchFilter={siteSearchFilter?}&exactTerms={exactTerms?}&excludeTerms={excludeTerms?}&linkSite={linkSite?}&orTerms={orTerms?}&dateRestrict={dateRestrict?}&lowRange={lowRange?}&highRange={highRange?}&searchType={searchType}&fileType={fileType?}&rights={rights?}&imgSize={imgSize?}&imgType={imgType?}&imgColorType={imgColorType?}&imgDominantColor={imgDominantColor?}&alt=json"},"queries":{"previousPage":[{"title":"Google Custom Search - 咖啡廳","totalResults":"13","searchTerms":"咖啡廳","count":3,"startIndex":1,"inputEncoding":"utf8","outputEncoding":"utf8","safe":"off","cx":"e53265ce7ceb44a30"}],"request":[{"title":"Google Custom Search - 咖啡廳","totalResults":"13","searchTerms":"咖啡廳","count":3,"startIndex":11,"inputEncoding":"utf8","outputEncoding":"utf8","safe":"off","cx":"e53265ce7ceb44a30"}]},"context":{"title":"CafeFinder"},"searchInformation":{"searchTime":0.133413,"formattedSearchTime":"0.13","totalResults":"13","formattedTotalResults":"13"},"items":[{"kind":"customsearch#result","title":"CBC SPACE 景美咖啡圖書館Cafe Boven Co-working，雜誌書籍隨你 ...","htmlTitle":"CBC SPACE 景美<b>咖啡</b>圖書館Cafe Boven Co-working，雜誌書籍隨你 ...","link":"https://upssmile.com/189613/cbc-space-cafe","displayLink":"upssmile.com","snippet":"Jun 17, 2023 ... 店家/景點資訊 · 店家名稱：CBC SPACE景美咖啡圖書館 · 所在地址：116臺灣台北市文山區景興路193號 · 營業時間：日 一 二 三 四 五 六 08:00-21:00 · 店家 ...","htmlSnippet":"Jun 17, 2023 <b>...</b> 店家/景點資訊 &middot; 店家名稱：CBC SPACE景美<b>咖啡</b>圖書館 &middot; 所在地址：116臺灣台北市文山區景興路193號 &middot; 營業時間：日 一 二 三 四 五 六 08:00-21:00 &middot; 店家&nbsp;...","formattedUrl":"https://upssmile.com/189613/cbc-space-cafe","htmlFormattedUrl":"https://upssmile.com/189613/cbc-space-cafe","pagemap":{"cse_thumbnail":[{"src":"https://encrypted-tbn0.gstatic.com/images?q=tbn:ANd9GcTUCWV8pMTE_yiYc1VS8w61jz2wRCTTs4jI-Mav4T9tua4H_4TSmYvyB1vc&s","width":"310","height":"163"}],"metatags":[{"og:see_also":"https://upssmile.com/262656/roberta-di-camerino","og:image":"https://upssmile.com/wp-content/uploads/2023/06/20230509-IMG_8852-2.jpg","copyright":"Copyright upssmile.com All rights reserved.","og:type":"article","og:image:width":"800","og:image:alt":"CBC SPACE 景美咖啡圖書館Cafe Boven Co-working，雜誌書籍隨你翻閱，空間租借提供包場，景美咖啡廳推薦 @ upssmile向上的微笑萍子 旅食設影","og:site_name":"upssmile向上的微笑萍子 旅食設影","author":"upssmile","og:title":"北市絕美圖書館咖啡廳，捷運景美站咖啡廳，複合式經營，1樓是咖啡廳，2樓是共享辦公空間，結合台北東區知名的boven雜誌圖書館，木質調空間，雜誌隨你翻，提供輕食、咖啡、肉桂捲、甜點等，適合待上一整天。","og:image:height":"420","og:updated_time":"2023-06-17T8:32:44+08:00","og:description":"北市絕美圖書館咖啡廳，CBC SPACE景美咖啡圖書館 Cafe Boven Co-working位於台北市文山區景興路上，近捷運景美站咖啡廳，CBC SPACE商務中心的第七間分館，複合式經營，1樓是咖啡廳，2樓是共享辦公空間，結合台北東區知名的boven雜誌圖書館，木質調空間，充滿書卷氣的文青咖啡廳，從早上8點營業","og:image:secure_url":"https://upssm
[GoogleService] searchInformation.totalResults=13
[GoogleService] raw customsearch response (trimmed): {"kind":"customsearch#search","url":{"type":"application/json","template":"https://www.googleapis.com/customsearch/v1?q={searchTerms}&num={count?}&start={startIndex?}&lr={language?}&safe={safe?}&cx={cx?}&sort={sort?}&filter={filter?}&gl={gl?}&cr={cr?}&googlehost={googleHost?}&c2coff={disableCnTwTranslation?}&hq={hq?}&hl={hl?}&siteSearch={siteSearch?}&siteSearchFilter={siteSearchFilter?}&exactTerms={exactTerms?}&excludeTerms={excludeTerms?}&linkSite={linkSite?}&orTerms={orTerms?}&dateRestrict={dateRestrict?}&lowRange={lowRange?}&highRange={highRange?}&searchType={searchType}&fileType={fileType?}&rights={rights?}&imgSize={imgSize?}&imgType={imgType?}&imgColorType={imgColorType?}&imgDominantColor={imgDominantColor?}&alt=json"},"queries":{"previousPage":[{"title":"Google Custom Search - 咖啡廳","searchTerms":"咖啡廳","count":7,"startIndex":14,"inputEncoding":"utf8","outputEncoding":"utf8","safe":"off","cx":"e53265ce7ceb44a30"}],"request":[{"title":"Google Custom Search - 咖啡廳","searchTerms":"咖啡廳","count":7,"startIndex":21,"inputEncoding":"utf8","outputEncoding":"utf8","safe":"off","cx":"e53265ce7ceb44a30"}]},"context":{"title":"CafeFinder"},"searchInformation":{"searchTime":0.151285,"formattedSearchTime":"0.15","totalResults":"0","formattedTotalResults":"0"}}
[GoogleService] searchInformation.totalResults=0
[GoogleService] customSearch returned count=13
[GoogleService] raw customsearch response (trimmed): {"kind":"customsearch#search","url":{"type":"application/json","template":"https://www.googleapis.com/customsearch/v1?q={searchTerms}&num={count?}&start={startIndex?}&lr={language?}&safe={safe?}&cx={cx?}&sort={sort?}&filter={filter?}&gl={gl?}&cr={cr?}&googlehost={googleHost?}&c2coff={disableCnTwTranslation?}&hq={hq?}&hl={hl?}&siteSearch={siteSearch?}&siteSearchFilter={siteSearchFilter?}&exactTerms={exactTerms?}&excludeTerms={excludeTerms?}&linkSite={linkSite?}&orTerms={orTerms?}&dateRestrict={dateRestrict?}&lowRange={lowRange?}&highRange={highRange?}&searchType={searchType}&fileType={fileType?}&rights={rights?}&imgSize={imgSize?}&imgType={imgType?}&imgColorType={imgColorType?}&imgDominantColor={imgDominantColor?}&alt=json"},"queries":{"request":[{"title":"Google Custom Search - 工作 咖啡廳","totalResults":"23000","searchTerms":"工作 咖啡廳","count":10,"startIndex":1,"inputEncoding":"utf8","outputEncoding":"utf8","safe":"off","cx":"e53265ce7ceb44a30"}],"nextPage":[{"title":"Google Custom Search - 工作 咖啡廳","totalResults":"23000","searchTerms":"工作 咖啡廳","count":10,"startIndex":11,"inputEncoding":"utf8","outputEncoding":"utf8","safe":"off","cx":"e53265ce7ceb44a30"}]},"context":{"title":"CafeFinder"},"searchInformation":{"searchTime":0.342483,"formattedSearchTime":"0.34","totalResults":"23000","formattedTotalResults":"23,000"},"items":[{"kind":"customsearch#result","title":"菸花《Op118.2》：迪化街一段14巷尾咖啡廳，古典黑膠圍繞的療癒 ...","htmlTitle":"菸花《Op118.2》：迪化街一段14巷尾<b>咖啡廳</b>，古典黑膠圍繞的療癒 ...","link":"https://hiyori.cc/article/op_118_2","displayLink":"hiyori.cc","snippet":"Jan 31, 2022 ... 2》，迪化街大稻埕咖啡廳. 二樓空間目前進駐了「 V & j fiber art x fashion design studio 」由兩位姐妹共同經營的纖維藝術與服裝設計工作室。","htmlSnippet":"Jan 31, 2022 <b>...</b> 2》，迪化街大稻埕<b>咖啡廳</b>. 二樓空間目前進駐了「 V &amp; j fiber art x fashion design studio 」由兩位姐妹共同經營的纖維藝術與服裝設計<b>工作</b>室。","formattedUrl":"https://hiyori.cc/article/op_118_2","htmlFormattedUrl":"https://hiyori.cc/article/op_118_2","pagemap":{"cse_thumbnail":[{"src":"https://encrypted-tbn0.gstatic.com/images?q=tbn:ANd9GcRg19yIfVNbcfniEecpRA9qTS-vgr5vLniuXZyIL9uqUcf2Vlf7zatGVxI&s","width":"275","height":"183"}],"thumbnail":[{"src":"https://hiyori.cc/wp/wp-content/uploads/2022/01/迪化街大稻埕咖啡廳-菸花《Op118.2》封面20220131.jpg"}],"metatags":[{"msapplication-tilecolor":"#333333","og:image":"https://hiyori.cc/wp/wp-content/uploads/2022/01/迪化街大稻埕咖啡廳-菸花《Op118.2》封面20220131.jpg","og:type":"article","og:image:width":"1000","twitter:card":"summary_large_image","theme-color":"#333333","thumbnail":"https://hiyori.cc/wp/wp-content/uploads/2022/01/迪化街大稻埕咖啡廳-菸花《Op118.2》封面20220131.jpg","og:site_name":"日和 Hiyori","og:title":"菸花《Op118.2》：迪化街一段14巷尾咖啡廳，古典黑膠圍繞的療癒舒心空間 - 日和 Hiyori","og:image:height":"666","bingbot":"index, follow, max-snippet:-1, max-image-preview:large, max-video-preview:-1","msapplication-tileimage":"/ms-icon-144x144.png","og:description":"菸花《Op118.2》去年從松菸搬來迪化街14巷尾，店名中的「菸」源自松菸及菸草花，《 Op118.2 》則取自布拉姆斯（Johannes Brahms）晚年寫給克拉拉的鋼琴作品。菸花《Op118.2》為了充分服務到每位客人，目前咖啡豆及甜點委託店主小高哥的朋友烘焙製作，客製化的合作模式互助之餘也能更專注於現場沖煮咖啡。透過咖啡
[GoogleService] searchInformation.totalResults=23000
[GoogleService] raw customsearch response (trimmed): {"kind":"customsearch#search","url":{"type":"application/json","template":"https://www.googleapis.com/customsearch/v1?q={searchTerms}&num={count?}&start={startIndex?}&lr={language?}&safe={safe?}&cx={cx?}&sort={sort?}&filter={filter?}&gl={gl?}&cr={cr?}&googlehost={googleHost?}&c2coff={disableCnTwTranslation?}&hq={hq?}&hl={hl?}&siteSearch={siteSearch?}&siteSearchFilter={siteSearchFilter?}&exactTerms={exactTerms?}&excludeTerms={excludeTerms?}&linkSite={linkSite?}&orTerms={orTerms?}&dateRestrict={dateRestrict?}&lowRange={lowRange?}&highRange={highRange?}&searchType={searchType}&fileType={fileType?}&rights={rights?}&imgSize={imgSize?}&imgType={imgType?}&imgColorType={imgColorType?}&imgDominantColor={imgDominantColor?}&alt=json"},"queries":{"previousPage":[{"title":"Google Custom Search - 工作 咖啡廳","totalResults":"11","searchTerms":"工作 咖啡廳","count":1,"startIndex":1,"inputEncoding":"utf8","outputEncoding":"utf8","safe":"off","cx":"e53265ce7ceb44a30"}],"request":[{"title":"Google Custom Search - 工作 咖啡廳","totalResults":"11","searchTerms":"工作 咖啡廳","count":1,"startIndex":11,"inputEncoding":"utf8","outputEncoding":"utf8","safe":"off","cx":"e53265ce7ceb44a30"}]},"context":{"title":"CafeFinder"},"searchInformation":{"searchTime":0.202922,"formattedSearchTime":"0.20","totalResults":"11","formattedTotalResults":"11"},"items":[{"kind":"customsearch#result","title":"【台北西門町】4F劇場咖啡藏身古蹟中山堂四樓復古咖啡店！電影 ...","htmlTitle":"【台北西門町】4F劇場<b>咖啡</b>藏身古蹟中山堂四樓復古<b>咖啡</b>店！電影 ...","link":"https://tenjo.tw/lepromenoircoffee/","displayLink":"tenjo.tw","snippet":"Feb 3, 2024 ... 如果大家找不到地方上去的話，不妨直接詢問工作人員，我們這天一 ... 咖啡, 西門町不限時咖啡廳, 中山堂咖啡廳. 搜尋關鍵字: 關於周花花. 周花花 ...","htmlSnippet":"Feb 3, 2024 <b>...</b> 如果大家找不到地方上去的話，不妨直接詢問<b>工作</b>人員，我們這天一 ... 咖啡, 西門町不限時<b>咖啡廳</b>, 中山堂<b>咖啡廳</b>. 搜尋關鍵字: 關於周花花. 周花花&nbsp;...","formattedUrl":"https://tenjo.tw/lepromenoircoffee/","htmlFormattedUrl":"https://tenjo.tw/lepromenoircoffee/","pagemap":{"cse_thumbnail":[{"src":"https://encrypted-tbn0.gstatic.com/images?q=tbn:ANd9GcQweWN9It5J2z8hDmNeDDsV99EkM0wZETOOWh96-5UHLyQJt5ZAMxU5x84&s","width":"275","height":"183"}],"metatags":[{"og:image":"https://tenjo.tw/wp-content/uploads/2024/01/JAP_8371.jpg","copyright":"Copyright tenjo.tw All rights reserved.","og:image:width":"1000","article:published_time":"2024-02-03T8:20:54+08:00","twitter:card":"summary_large_image","og:site_name":"周花花，甲飽沒","msapplication-tileimage":"https://tenjo.tw/wp-content/uploads/cropped-002.png","og:description":"《4F劇場咖啡》是一間藏身在近百年古蹟中山樓四樓的超美復古咖啡廳不僅是電影「比悲傷更悲傷的故事」等多部電影的拍攝地，每年「台北電影節」也會來這取景更被評為西門町五大必訪復古咖啡店之一，喜歡老屋咖啡的人推薦一定要收藏《4F劇場咖啡》4F劇場咖啡推薦指數：★★★★☆　4顆星一句短評：西門町不限時咖啡廳推薦！藏身中堂樓四樓的","twitter:creator":"https://www.facebook.com/tenjochou/","og:image:secure_url":"https://tenjo.tw/wp-content/uploads/2024/01/JAP_8371.jpg","article:publisher":"https://www.facebook.com/tenjochou/","twitter:image":"https://tenjo.tw/wp-content/uploads/2024/01/JAP_8371.jpg","twitter:site":"@周花花，甲飽沒","article:modified_time":"2024-02-08T10:22:29+08:00","og:see_also":"https://tenjo.tw/4f
[GoogleService] searchInformation.totalResults=11
[GoogleService] raw customsearch response (trimmed): {"kind":"customsearch#search","url":{"type":"application/json","template":"https://www.googleapis.com/customsearch/v1?q={searchTerms}&num={count?}&start={startIndex?}&lr={language?}&safe={safe?}&cx={cx?}&sort={sort?}&filter={filter?}&gl={gl?}&cr={cr?}&googlehost={googleHost?}&c2coff={disableCnTwTranslation?}&hq={hq?}&hl={hl?}&siteSearch={siteSearch?}&siteSearchFilter={siteSearchFilter?}&exactTerms={exactTerms?}&excludeTerms={excludeTerms?}&linkSite={linkSite?}&orTerms={orTerms?}&dateRestrict={dateRestrict?}&lowRange={lowRange?}&highRange={highRange?}&searchType={searchType}&fileType={fileType?}&rights={rights?}&imgSize={imgSize?}&imgType={imgType?}&imgColorType={imgColorType?}&imgDominantColor={imgDominantColor?}&alt=json"},"queries":{"previousPage":[{"title":"Google Custom Search - 工作 咖啡廳","searchTerms":"工作 咖啡廳","count":9,"startIndex":12,"inputEncoding":"utf8","outputEncoding":"utf8","safe":"off","cx":"e53265ce7ceb44a30"}],"request":[{"title":"Google Custom Search - 工作 咖啡廳","searchTerms":"工作 咖啡廳","count":9,"startIndex":21,"inputEncoding":"utf8","outputEncoding":"utf8","safe":"off","cx":"e53265ce7ceb44a30"}]},"context":{"title":"CafeFinder"},"searchInformation":{"searchTime":0.117161,"formattedSearchTime":"0.12","totalResults":"0","formattedTotalResults":"0"}}
[GoogleService] searchInformation.totalResults=0
[GoogleService] customSearch returned count=11
[HybridSearch] Google-only raw pages count: 11
[HybridSearch] google-only sample[0] url=https://auntie.tw/youmoutoohana-coffee-2/ name=【台北】忠孝新生｜羊毛與花‧ 華山，特調西西里咖啡、香滑濃郁雞蛋 ... contentLen=70423
[HybridSearch] google-only sample[1] url=https://www.verse.com.tw/article/2025-wenshan-coffee-1 name=文山區11家特色咖啡廳攻略【上】：喫茶枝音昭和咖啡、湖畔「廢墟 ... contentLen=6272
[HybridSearch] google-only sample[2] url=https://whos-talking.com/2024/06/06/2730cafe/ name=【台北大安】2730café 貳柒參零咖啡|不限時復古老宅咖啡廳|文青 ... contentLen=73379
[HybridSearch] google-only sample[3] url=https://whos-talking.com/2025/02/17/stoppagetimecafe/ name=【台北大安】Stoppage Time 補時｜大安區不限時咖啡廳，鄰近捷運 ... contentLen=72921
[HybridSearch] google-only sample[4] url=https://whos-talking.com/2025/01/12/abd-coffeeandlife/ name=【台北文山】A.B.D. Coffee & Life｜萬隆不限時露營風咖啡廳，老闆的 ... contentLen=72714
[HybridSearch] google-only sample[5] url=https://hiyori.cc/article/op_118_2 name=菸花《Op118.2》：迪化街一段14巷尾咖啡廳，古典黑膠圍繞的療癒 ... contentLen=7229
[HybridSearch] google-only sample[6] url=https://plumpyblog.com/costumice-cafe/ name=Costumice Café｜東區美食｜都市鬧區裡的小叢林，法式鄉村風格好 ... contentLen=40633
[HybridSearch] google-only sample[7] url=https://tenjo.tw/picapica-cafe/ name=【台大公館咖啡廳】Pica Pica Café 喜鵲咖啡不限時可讀書久坐，好吃 ... contentLen=24139
[HybridSearch] Google-only after filterValidWebPages count: 11
[HybridSearch] Google-only raw pages count: 13
[HybridSearch] google-only sample[0] url=https://whos-talking.com/2025/02/17/stoppagetimecafe/ name=【台北大安】Stoppage Time 補時｜大安區不限時咖啡廳，鄰近捷運 ... contentLen=72921
[HybridSearch] google-only sample[1] url=https://hiyori.cc/article/op_118_2 name=菸花《Op118.2》：迪化街一段14巷尾咖啡廳，古典黑膠圍繞的療癒 ... contentLen=7229
[HybridSearch] google-only sample[2] url=https://www.walkerland.com.tw/subject/view/418583 name=台北不限時咖啡廳14 間推薦！塔羅牌免費算、深夜也有營業。|美食 ... contentLen=5749
[HybridSearch] google-only sample[3] url=https://tenjo.tw/moooonriver/ name=【內湖瑞光路咖啡廳】Moooon River Cafe & Books 超美歐洲教堂 ... contentLen=24371
[HybridSearch] google-only sample[4] url=https://upssmile.com/205457/crofee name=一早8點就營業新開幕台北東區韓系攝影棚早午餐咖啡廳，新光三越 ... contentLen=34427
[HybridSearch] google-only sample[5] url=https://auntie.tw/youmoutoohana-coffee-2/ name=【台北】忠孝新生｜羊毛與花‧ 華山，特調西西里咖啡、香滑濃郁雞蛋 ... contentLen=70423
[HybridSearch] google-only sample[6] url=https://www.verse.com.tw/article/2025-wenshan-coffee-1 name=文山區11家特色咖啡廳攻略【上】：喫茶枝音昭和咖啡、湖畔「廢墟 ... contentLen=6272
[HybridSearch] google-only sample[7] url=https://whos-talking.com/2024/06/06/2730cafe/ name=【台北大安】2730café 貳柒參零咖啡|不限時復古老宅咖啡廳|文青 ... contentLen=73379
[HybridSearch] Google-only after filterValidWebPages count: 13
無法擷取連結: https://whos-talking.com/2025/01/12/abd-coffeeandlife/
[去重] 新增: 潘寓 Pan's Haunt(安靜工作咖啡廳） -> key: id:cafe_029
[去重] 新增: 羊毛與花 ‧ 永康 -> key: id:cafe_001
[去重] 新增: Moooon River Cafe & Books -> key: id:cafe_002
[去重] 新增: 北風社 -> key: id:cafe_004
[去重] 新增: Joco latte -> key: id:cafe_005
[去重] 新增: Homey's cafe -> key: id:cafe_008
[去重] 新增: 2730café 貳柒參零咖啡 -> key: id:cafe_009
[去重] 新增: 角公園咖啡 Triangle Garden Cafe -> key: id:cafe_010
[去重] 新增: Block & Cafe. 町咖啡 -> key: id:cafe_011
[去重] 新增: 巢 nido -> key: id:cafe_019
[去重] 新增: 未央咖啡店 -> key: id:cafe_022
[去重] 新增: 黑露咖啡館 OLO Coffee Roasters -> key: id:cafe_023
[去重] 新增: 小米酒咖啡館 -> key: id:cafe_026
[去重] 新增: 北風社 -> key: id:cafe_027
[去重] 新增: dark corner cafe -> key: id:cafe_028
[去重] 新增: CAFE RACO -> key: id:cafe_006
[去重] 新增: JOHN DOE CAFÉ 無名氏咖啡 -> key: id:cafe_012
[去重] 新增: 早秋咖啡 Cafe Macho -> key: id:cafe_025
[去重] 新增: Le Park Cafe公園咖啡館 -> key: id:cafe_013
[去重] 新增: ALL DAY ROASTING COMPANY 民生店 -> key: id:cafe_017
[去重] 新增: 浮光書店 (中山站/赤峰街) -> key: id:cafe_024
[去重] 新增: CBC SPACE 景美咖啡圖書館 Cafe Boven Co-working -> key: id:cafe_003
[去重] 新增: 且自 手作與咖啡 -> key: id:cafe_007
[去重] 新增: the quiet light 默光咖啡瑞安店 -> key: id:cafe_014
[去重] 新增: Remember Me_記得我．café -> key: id:cafe_020
[去重] 新增: CE' & LIB-RARY 遼寧店 -> key: id:cafe_030
[去重] 新增: Sugar Man Cafe -> key: id:cafe_015
[去重] 新增: 秘徑咖啡Alley’s Cafe -> key: id:cafe_016
[去重] 新增: 翌日咖啡店 -> key: id:cafe_018
[去重] 新增: Costumice Café -> key: id:cafe_021
無法擷取連結: https://www.verse.com.tw/article/dark-corner-coffee-midnight-cafe
[GoogleService] raw customsearch response (trimmed): {"kind":"customsearch#search","url":{"type":"application/json","template":"https://www.googleapis.com/customsearch/v1?q={searchTerms}&num={count?}&start={startIndex?}&lr={language?}&safe={safe?}&cx={cx?}&sort={sort?}&filter={filter?}&gl={gl?}&cr={cr?}&googlehost={googleHost?}&c2coff={disableCnTwTranslation?}&hq={hq?}&hl={hl?}&siteSearch={siteSearch?}&siteSearchFilter={siteSearchFilter?}&exactTerms={exactTerms?}&excludeTerms={excludeTerms?}&linkSite={linkSite?}&orTerms={orTerms?}&dateRestrict={dateRestrict?}&lowRange={lowRange?}&highRange={highRange?}&searchType={searchType}&fileType={fileType?}&rights={rights?}&imgSize={imgSize?}&imgType={imgType?}&imgColorType={imgColorType?}&imgDominantColor={imgDominantColor?}&alt=json"},"queries":{"request":[{"title":"Google Custom Search - 工作 咖啡廳","totalResults":"23000","searchTerms":"工作 咖啡廳","count":10,"startIndex":1,"inputEncoding":"utf8","outputEncoding":"utf8","safe":"off","cx":"e53265ce7ceb44a30"}],"nextPage":[{"title":"Google Custom Search - 工作 咖啡廳","totalResults":"23000","searchTerms":"工作 咖啡廳","count":10,"startIndex":11,"inputEncoding":"utf8","outputEncoding":"utf8","safe":"off","cx":"e53265ce7ceb44a30"}]},"context":{"title":"CafeFinder"},"searchInformation":{"searchTime":0.273778,"formattedSearchTime":"0.27","totalResults":"23000","formattedTotalResults":"23,000"},"items":[{"kind":"customsearch#result","title":"菸花《Op118.2》：迪化街一段14巷尾咖啡廳，古典黑膠圍繞的療癒 ...","htmlTitle":"菸花《Op118.2》：迪化街一段14巷尾<b>咖啡廳</b>，古典黑膠圍繞的療癒 ...","link":"https://hiyori.cc/article/op_118_2","displayLink":"hiyori.cc","snippet":"Jan 31, 2022 ... 2》，迪化街大稻埕咖啡廳. 二樓空間目前進駐了「 V & j fiber art x fashion design studio 」由兩位姐妹共同經營的纖維藝術與服裝設計工作室。","htmlSnippet":"Jan 31, 2022 <b>...</b> 2》，迪化街大稻埕<b>咖啡廳</b>. 二樓空間目前進駐了「 V &amp; j fiber art x fashion design studio 」由兩位姐妹共同經營的纖維藝術與服裝設計<b>工作</b>室。","formattedUrl":"https://hiyori.cc/article/op_118_2","htmlFormattedUrl":"https://hiyori.cc/article/op_118_2","pagemap":{"cse_thumbnail":[{"src":"https://encrypted-tbn0.gstatic.com/images?q=tbn:ANd9GcRg19yIfVNbcfniEecpRA9qTS-vgr5vLniuXZyIL9uqUcf2Vlf7zatGVxI&s","width":"275","height":"183"}],"thumbnail":[{"src":"https://hiyori.cc/wp/wp-content/uploads/2022/01/迪化街大稻埕咖啡廳-菸花《Op118.2》封面20220131.jpg"}],"metatags":[{"msapplication-tilecolor":"#333333","og:image":"https://hiyori.cc/wp/wp-content/uploads/2022/01/迪化街大稻埕咖啡廳-菸花《Op118.2》封面20220131.jpg","og:type":"article","og:image:width":"1000","twitter:card":"summary_large_image","theme-color":"#333333","thumbnail":"https://hiyori.cc/wp/wp-content/uploads/2022/01/迪化街大稻埕咖啡廳-菸花《Op118.2》封面20220131.jpg","og:site_name":"日和 Hiyori","og:title":"菸花《Op118.2》：迪化街一段14巷尾咖啡廳，古典黑膠圍繞的療癒舒心空間 - 日和 Hiyori","og:image:height":"666","bingbot":"index, follow, max-snippet:-1, max-image-preview:large, max-video-preview:-1","msapplication-tileimage":"/ms-icon-144x144.png","og:description":"菸花《Op118.2》去年從松菸搬來迪化街14巷尾，店名中的「菸」源自松菸及菸草花，《 Op118.2 》則取自布拉姆斯（Johannes Brahms）晚年寫給克拉拉的鋼琴作品。菸花《Op118.2》為了充分服務到每位客人，目前咖啡豆及甜點委託店主小高哥的朋友烘焙製作，客製化的合作模式互助之餘也能更專注於現場沖煮咖啡。透過咖啡
[GoogleService] searchInformation.totalResults=23000
[GoogleService] raw customsearch response (trimmed): {"kind":"customsearch#search","url":{"type":"application/json","template":"https://www.googleapis.com/customsearch/v1?q={searchTerms}&num={count?}&start={startIndex?}&lr={language?}&safe={safe?}&cx={cx?}&sort={sort?}&filter={filter?}&gl={gl?}&cr={cr?}&googlehost={googleHost?}&c2coff={disableCnTwTranslation?}&hq={hq?}&hl={hl?}&siteSearch={siteSearch?}&siteSearchFilter={siteSearchFilter?}&exactTerms={exactTerms?}&excludeTerms={excludeTerms?}&linkSite={linkSite?}&orTerms={orTerms?}&dateRestrict={dateRestrict?}&lowRange={lowRange?}&highRange={highRange?}&searchType={searchType}&fileType={fileType?}&rights={rights?}&imgSize={imgSize?}&imgType={imgType?}&imgColorType={imgColorType?}&imgDominantColor={imgDominantColor?}&alt=json"},"queries":{"previousPage":[{"title":"Google Custom Search - 工作 咖啡廳","totalResults":"11","searchTerms":"工作 咖啡廳","count":1,"startIndex":1,"inputEncoding":"utf8","outputEncoding":"utf8","safe":"off","cx":"e53265ce7ceb44a30"}],"request":[{"title":"Google Custom Search - 工作 咖啡廳","totalResults":"11","searchTerms":"工作 咖啡廳","count":1,"startIndex":11,"inputEncoding":"utf8","outputEncoding":"utf8","safe":"off","cx":"e53265ce7ceb44a30"}]},"context":{"title":"CafeFinder"},"searchInformation":{"searchTime":0.228803,"formattedSearchTime":"0.23","totalResults":"11","formattedTotalResults":"11"},"items":[{"kind":"customsearch#result","title":"【台北西門町】4F劇場咖啡藏身古蹟中山堂四樓復古咖啡店！電影 ...","htmlTitle":"【台北西門町】4F劇場<b>咖啡</b>藏身古蹟中山堂四樓復古<b>咖啡</b>店！電影 ...","link":"https://tenjo.tw/lepromenoircoffee/","displayLink":"tenjo.tw","snippet":"Feb 3, 2024 ... 如果大家找不到地方上去的話，不妨直接詢問工作人員，我們這天一 ... 咖啡, 西門町不限時咖啡廳, 中山堂咖啡廳. 搜尋關鍵字: 關於周花花. 周花花 ...","htmlSnippet":"Feb 3, 2024 <b>...</b> 如果大家找不到地方上去的話，不妨直接詢問<b>工作</b>人員，我們這天一 ... 咖啡, 西門町不限時<b>咖啡廳</b>, 中山堂<b>咖啡廳</b>. 搜尋關鍵字: 關於周花花. 周花花&nbsp;...","formattedUrl":"https://tenjo.tw/lepromenoircoffee/","htmlFormattedUrl":"https://tenjo.tw/lepromenoircoffee/","pagemap":{"cse_thumbnail":[{"src":"https://encrypted-tbn0.gstatic.com/images?q=tbn:ANd9GcQweWN9It5J2z8hDmNeDDsV99EkM0wZETOOWh96-5UHLyQJt5ZAMxU5x84&s","width":"275","height":"183"}],"metatags":[{"og:image":"https://tenjo.tw/wp-content/uploads/2024/01/JAP_8371.jpg","copyright":"Copyright tenjo.tw All rights reserved.","og:image:width":"1000","article:published_time":"2024-02-03T8:20:54+08:00","twitter:card":"summary_large_image","og:site_name":"周花花，甲飽沒","msapplication-tileimage":"https://tenjo.tw/wp-content/uploads/cropped-002.png","og:description":"《4F劇場咖啡》是一間藏身在近百年古蹟中山樓四樓的超美復古咖啡廳不僅是電影「比悲傷更悲傷的故事」等多部電影的拍攝地，每年「台北電影節」也會來這取景更被評為西門町五大必訪復古咖啡店之一，喜歡老屋咖啡的人推薦一定要收藏《4F劇場咖啡》4F劇場咖啡推薦指數：★★★★☆　4顆星一句短評：西門町不限時咖啡廳推薦！藏身中堂樓四樓的","twitter:creator":"https://www.facebook.com/tenjochou/","og:image:secure_url":"https://tenjo.tw/wp-content/uploads/2024/01/JAP_8371.jpg","article:publisher":"https://www.facebook.com/tenjochou/","twitter:image":"https://tenjo.tw/wp-content/uploads/2024/01/JAP_8371.jpg","twitter:site":"@周花花，甲飽沒","article:modified_time":"2024-02-08T10:22:29+08:00","og:see_also":"https://tenjo.tw/4f
[GoogleService] searchInformation.totalResults=11
[GoogleService] raw customsearch response (trimmed): {"kind":"customsearch#search","url":{"type":"application/json","template":"https://www.googleapis.com/customsearch/v1?q={searchTerms}&num={count?}&start={startIndex?}&lr={language?}&safe={safe?}&cx={cx?}&sort={sort?}&filter={filter?}&gl={gl?}&cr={cr?}&googlehost={googleHost?}&c2coff={disableCnTwTranslation?}&hq={hq?}&hl={hl?}&siteSearch={siteSearch?}&siteSearchFilter={siteSearchFilter?}&exactTerms={exactTerms?}&excludeTerms={excludeTerms?}&linkSite={linkSite?}&orTerms={orTerms?}&dateRestrict={dateRestrict?}&lowRange={lowRange?}&highRange={highRange?}&searchType={searchType}&fileType={fileType?}&rights={rights?}&imgSize={imgSize?}&imgType={imgType?}&imgColorType={imgColorType?}&imgDominantColor={imgDominantColor?}&alt=json"},"queries":{"previousPage":[{"title":"Google Custom Search - 工作 咖啡廳","searchTerms":"工作 咖啡廳","count":9,"startIndex":12,"inputEncoding":"utf8","outputEncoding":"utf8","safe":"off","cx":"e53265ce7ceb44a30"}],"request":[{"title":"Google Custom Search - 工作 咖啡廳","searchTerms":"工作 咖啡廳","count":9,"startIndex":21,"inputEncoding":"utf8","outputEncoding":"utf8","safe":"off","cx":"e53265ce7ceb44a30"}]},"context":{"title":"CafeFinder"},"searchInformation":{"searchTime":0.172724,"formattedSearchTime":"0.17","totalResults":"0","formattedTotalResults":"0"}}
[GoogleService] searchInformation.totalResults=0
[GoogleService] customSearch returned count=11
[HybridSearch] Google-only raw pages count: 11
[HybridSearch] google-only sample[0] url=https://auntie.tw/youmoutoohana-coffee-2/ name=【台北】忠孝新生｜羊毛與花‧ 華山，特調西西里咖啡、香滑濃郁雞蛋 ... contentLen=70423
[HybridSearch] google-only sample[1] url=https://www.verse.com.tw/article/2025-wenshan-coffee-1 name=文山區11家特色咖啡廳攻略【上】：喫茶枝音昭和咖啡、湖畔「廢墟 ... contentLen=6272
[HybridSearch] google-only sample[2] url=https://whos-talking.com/2024/06/06/2730cafe/ name=【台北大安】2730café 貳柒參零咖啡|不限時復古老宅咖啡廳|文青 ... contentLen=73379
[HybridSearch] google-only sample[3] url=https://whos-talking.com/2025/02/17/stoppagetimecafe/ name=【台北大安】Stoppage Time 補時｜大安區不限時咖啡廳，鄰近捷運 ... contentLen=72921
[HybridSearch] google-only sample[4] url=https://whos-talking.com/2025/01/12/abd-coffeeandlife/ name=【台北文山】A.B.D. Coffee & Life｜萬隆不限時露營風咖啡廳，老闆的 ... contentLen=72714
[HybridSearch] google-only sample[5] url=https://hiyori.cc/article/op_118_2 name=菸花《Op118.2》：迪化街一段14巷尾咖啡廳，古典黑膠圍繞的療癒 ... contentLen=7229
[HybridSearch] google-only sample[6] url=https://plumpyblog.com/costumice-cafe/ name=Costumice Café｜東區美食｜都市鬧區裡的小叢林，法式鄉村風格好 ... contentLen=40633
[HybridSearch] google-only sample[7] url=https://tenjo.tw/picapica-cafe/ name=【台大公館咖啡廳】Pica Pica Café 喜鵲咖啡不限時可讀書久坐，好吃 ... contentLen=24139
[HybridSearch] Google-only after filterValidWebPages count: 11
無法擷取連結: https://whos-talking.com/2025/01/12/abd-coffeeandlife/
[GoogleService] raw customsearch response (trimmed): {"kind":"customsearch#search","url":{"type":"application/json","template":"https://www.googleapis.com/customsearch/v1?q={searchTerms}&num={count?}&start={startIndex?}&lr={language?}&safe={safe?}&cx={cx?}&sort={sort?}&filter={filter?}&gl={gl?}&cr={cr?}&googlehost={googleHost?}&c2coff={disableCnTwTranslation?}&hq={hq?}&hl={hl?}&siteSearch={siteSearch?}&siteSearchFilter={siteSearchFilter?}&exactTerms={exactTerms?}&excludeTerms={excludeTerms?}&linkSite={linkSite?}&orTerms={orTerms?}&dateRestrict={dateRestrict?}&lowRange={lowRange?}&highRange={highRange?}&searchType={searchType}&fileType={fileType?}&rights={rights?}&imgSize={imgSize?}&imgType={imgType?}&imgColorType={imgColorType?}&imgDominantColor={imgDominantColor?}&alt=json"},"queries":{"request":[{"title":"Google Custom Search - 咖啡廳","totalResults":"116000","searchTerms":"咖啡廳","count":10,"startIndex":1,"inputEncoding":"utf8","outputEncoding":"utf8","safe":"off","cx":"e53265ce7ceb44a30"}],"nextPage":[{"title":"Google Custom Search - 咖啡廳","totalResults":"116000","searchTerms":"咖啡廳","count":10,"startIndex":11,"inputEncoding":"utf8","outputEncoding":"utf8","safe":"off","cx":"e53265ce7ceb44a30"}]},"context":{"title":"CafeFinder"},"searchInformation":{"searchTime":0.133971,"formattedSearchTime":"0.13","totalResults":"116000","formattedTotalResults":"116,000"},"items":[{"kind":"customsearch#result","title":"文山區11家特色咖啡廳攻略【上】：喫茶枝音昭和咖啡、湖畔「廢墟 ...","htmlTitle":"文山區11家特色<b>咖啡廳</b>攻略【上】：喫茶枝音昭和咖啡、湖畔「廢墟 ...","link":"https://www.verse.com.tw/article/2025-wenshan-coffee-1","displayLink":"www.verse.com.tw","snippet":"Apr 27, 2025 ... 文山區11家特色咖啡廳攻略【上】：喫茶枝音昭和咖啡、湖畔「廢墟」咖啡、惜惜咖啡，職人烘豆與北歐風秘境 · 1. 喫茶枝音：社區中心般的喫茶店 · 2. 自由・之 ...","htmlSnippet":"Apr 27, 2025 <b>...</b> 文山區11家特色<b>咖啡廳</b>攻略【上】：喫茶枝音昭和咖啡、湖畔「廢墟」咖啡、惜惜咖啡，職人烘豆與北歐風秘境 &middot; 1. 喫茶枝音：社區中心般的喫茶店 &middot; 2. 自由・之&nbsp;...","formattedUrl":"https://www.verse.com.tw/article/2025-wenshan-coffee-1","htmlFormattedUrl":"https://www.verse.com.tw/article/2025-wenshan-coffee-1","pagemap":{"cse_thumbnail":[{"src":"https://encrypted-tbn0.gstatic.com/images?q=tbn:ANd9GcQO1O4y6L9Rg24BG3olygh29XGaASbnhtzr4eC9EVHDhxmi-YEujq5M1KUz&s","width":"275","height":"183"}],"metatags":[{"og:image":"https://5mtz55f1.tinifycdn.com/storage/app/uploads/public/680/a0e/9d5/680a0e9d5b87e654045005.jpg","og:type":"website","twitter:card":"summary_large_image","twitter:title":"文山區11家特色咖啡廳攻略【上】：喫茶枝音昭和咖啡、湖畔「廢墟」咖啡、惜惜咖啡，職人烘豆與北歐風秘境 - VERSE","og:site_name":"VERSE","twitter:domain":"verse.com.tw","twitter:url":"https://www.verse.com.tw/article/2025-wenshan-coffee-1","author":"VERSE","og:title":"文山區11家特色咖啡廳攻略【上】：喫茶枝音昭和咖啡、湖畔「廢墟」咖啡、惜惜咖啡，職人烘豆與北歐風秘境 - VERSE","title":"文山區11家特色咖啡廳攻略【上】：喫茶枝音昭和咖啡、湖畔「廢墟」咖啡、惜惜咖啡，職人烘豆與北歐風秘境 - VERSE","og:description":"文山區座落在台北的邊界，擁有山林綠意與老社區交織的獨特氛圍。從景美、萬隆到貓空，這裡聚集了許多風格各異的咖啡館，有的主打職人精神與直火烘豆，有的則彷彿隱身山腳的生活提案空間。VERSE為你精選6間各具特色的咖啡館，探索台北南方的質感咖啡地圖。","twitter:image:src":"https://5mtz55f1.tinifycdn.com/storage/app/uploads/public/680/a0e/9d5/680a0e9d5b87e654045005.jpg","viewport":"width=device-width, user-sca
[GoogleService] searchInformation.totalResults=116000
[GoogleService] raw customsearch response (trimmed): {"kind":"customsearch#search","url":{"type":"application/json","template":"https://www.googleapis.com/customsearch/v1?q={searchTerms}&num={count?}&start={startIndex?}&lr={language?}&safe={safe?}&cx={cx?}&sort={sort?}&filter={filter?}&gl={gl?}&cr={cr?}&googlehost={googleHost?}&c2coff={disableCnTwTranslation?}&hq={hq?}&hl={hl?}&siteSearch={siteSearch?}&siteSearchFilter={siteSearchFilter?}&exactTerms={exactTerms?}&excludeTerms={excludeTerms?}&linkSite={linkSite?}&orTerms={orTerms?}&dateRestrict={dateRestrict?}&lowRange={lowRange?}&highRange={highRange?}&searchType={searchType}&fileType={fileType?}&rights={rights?}&imgSize={imgSize?}&imgType={imgType?}&imgColorType={imgColorType?}&imgDominantColor={imgDominantColor?}&alt=json"},"queries":{"previousPage":[{"title":"Google Custom Search - 咖啡廳","totalResults":"13","searchTerms":"咖啡廳","count":3,"startIndex":1,"inputEncoding":"utf8","outputEncoding":"utf8","safe":"off","cx":"e53265ce7ceb44a30"}],"request":[{"title":"Google Custom Search - 咖啡廳","totalResults":"13","searchTerms":"咖啡廳","count":3,"startIndex":11,"inputEncoding":"utf8","outputEncoding":"utf8","safe":"off","cx":"e53265ce7ceb44a30"}]},"context":{"title":"CafeFinder"},"searchInformation":{"searchTime":0.124073,"formattedSearchTime":"0.12","totalResults":"13","formattedTotalResults":"13"},"items":[{"kind":"customsearch#result","title":"CBC SPACE 景美咖啡圖書館Cafe Boven Co-working，雜誌書籍隨你 ...","htmlTitle":"CBC SPACE 景美<b>咖啡</b>圖書館Cafe Boven Co-working，雜誌書籍隨你 ...","link":"https://upssmile.com/189613/cbc-space-cafe","displayLink":"upssmile.com","snippet":"Jun 17, 2023 ... 店家/景點資訊 · 店家名稱：CBC SPACE景美咖啡圖書館 · 所在地址：116臺灣台北市文山區景興路193號 · 營業時間：日 一 二 三 四 五 六 08:00-21:00 · 店家 ...","htmlSnippet":"Jun 17, 2023 <b>...</b> 店家/景點資訊 &middot; 店家名稱：CBC SPACE景美<b>咖啡</b>圖書館 &middot; 所在地址：116臺灣台北市文山區景興路193號 &middot; 營業時間：日 一 二 三 四 五 六 08:00-21:00 &middot; 店家&nbsp;...","formattedUrl":"https://upssmile.com/189613/cbc-space-cafe","htmlFormattedUrl":"https://upssmile.com/189613/cbc-space-cafe","pagemap":{"cse_thumbnail":[{"src":"https://encrypted-tbn0.gstatic.com/images?q=tbn:ANd9GcTUCWV8pMTE_yiYc1VS8w61jz2wRCTTs4jI-Mav4T9tua4H_4TSmYvyB1vc&s","width":"310","height":"163"}],"metatags":[{"og:see_also":"https://upssmile.com/262656/roberta-di-camerino","og:image":"https://upssmile.com/wp-content/uploads/2023/06/20230509-IMG_8852-2.jpg","copyright":"Copyright upssmile.com All rights reserved.","og:type":"article","og:image:width":"800","og:image:alt":"CBC SPACE 景美咖啡圖書館Cafe Boven Co-working，雜誌書籍隨你翻閱，空間租借提供包場，景美咖啡廳推薦 @ upssmile向上的微笑萍子 旅食設影","og:site_name":"upssmile向上的微笑萍子 旅食設影","author":"upssmile","og:title":"北市絕美圖書館咖啡廳，捷運景美站咖啡廳，複合式經營，1樓是咖啡廳，2樓是共享辦公空間，結合台北東區知名的boven雜誌圖書館，木質調空間，雜誌隨你翻，提供輕食、咖啡、肉桂捲、甜點等，適合待上一整天。","og:image:height":"420","og:updated_time":"2023-06-17T8:32:44+08:00","og:description":"北市絕美圖書館咖啡廳，CBC SPACE景美咖啡圖書館 Cafe Boven Co-working位於台北市文山區景興路上，近捷運景美站咖啡廳，CBC SPACE商務中心的第七間分館，複合式經營，1樓是咖啡廳，2樓是共享辦公空間，結合台北東區知名的boven雜誌圖書館，木質調空間，充滿書卷氣的文青咖啡廳，從早上8點營業","og:image:secure_url":"https://upssm
[GoogleService] searchInformation.totalResults=13
[GoogleService] raw customsearch response (trimmed): {"kind":"customsearch#search","url":{"type":"application/json","template":"https://www.googleapis.com/customsearch/v1?q={searchTerms}&num={count?}&start={startIndex?}&lr={language?}&safe={safe?}&cx={cx?}&sort={sort?}&filter={filter?}&gl={gl?}&cr={cr?}&googlehost={googleHost?}&c2coff={disableCnTwTranslation?}&hq={hq?}&hl={hl?}&siteSearch={siteSearch?}&siteSearchFilter={siteSearchFilter?}&exactTerms={exactTerms?}&excludeTerms={excludeTerms?}&linkSite={linkSite?}&orTerms={orTerms?}&dateRestrict={dateRestrict?}&lowRange={lowRange?}&highRange={highRange?}&searchType={searchType}&fileType={fileType?}&rights={rights?}&imgSize={imgSize?}&imgType={imgType?}&imgColorType={imgColorType?}&imgDominantColor={imgDominantColor?}&alt=json"},"queries":{"previousPage":[{"title":"Google Custom Search - 咖啡廳","searchTerms":"咖啡廳","count":7,"startIndex":14,"inputEncoding":"utf8","outputEncoding":"utf8","safe":"off","cx":"e53265ce7ceb44a30"}],"request":[{"title":"Google Custom Search - 咖啡廳","searchTerms":"咖啡廳","count":7,"startIndex":21,"inputEncoding":"utf8","outputEncoding":"utf8","safe":"off","cx":"e53265ce7ceb44a30"}]},"context":{"title":"CafeFinder"},"searchInformation":{"searchTime":0.116966,"formattedSearchTime":"0.12","totalResults":"0","formattedTotalResults":"0"}}
[GoogleService] searchInformation.totalResults=0
[GoogleService] customSearch returned count=13
無法抓取網頁內容: https://whos-talking.com/2024/06/06/2730cafe/
[HybridSearch] Google-only raw pages count: 12
[HybridSearch] google-only sample[0] url=https://whos-talking.com/2025/02/17/stoppagetimecafe/ name=【台北大安】Stoppage Time 補時｜大安區不限時咖啡廳，鄰近捷運 ... contentLen=72921
[HybridSearch] google-only sample[1] url=https://hiyori.cc/article/op_118_2 name=菸花《Op118.2》：迪化街一段14巷尾咖啡廳，古典黑膠圍繞的療癒 ... contentLen=7229
[HybridSearch] google-only sample[2] url=https://www.walkerland.com.tw/subject/view/418583 name=台北不限時咖啡廳14 間推薦！塔羅牌免費算、深夜也有營業。|美食 ... contentLen=5749
[HybridSearch] google-only sample[3] url=https://tenjo.tw/moooonriver/ name=【內湖瑞光路咖啡廳】Moooon River Cafe & Books 超美歐洲教堂 ... contentLen=24375
[HybridSearch] google-only sample[4] url=https://upssmile.com/205457/crofee name=一早8點就營業新開幕台北東區韓系攝影棚早午餐咖啡廳，新光三越 ... contentLen=34698
[HybridSearch] google-only sample[5] url=https://auntie.tw/youmoutoohana-coffee-2/ name=【台北】忠孝新生｜羊毛與花‧ 華山，特調西西里咖啡、香滑濃郁雞蛋 ... contentLen=70423
[HybridSearch] google-only sample[6] url=https://www.verse.com.tw/article/2025-wenshan-coffee-1 name=文山區11家特色咖啡廳攻略【上】：喫茶枝音昭和咖啡、湖畔「廢墟 ... contentLen=6272
[HybridSearch] google-only sample[7] url=https://whos-talking.com/2025/01/12/abd-coffeeandlife/ name=【台北文山】A.B.D. Coffee & Life｜萬隆不限時露營風咖啡廳，老闆的 ... contentLen=72714
[HybridSearch] Google-only after filterValidWebPages count: 12
[GoogleService] raw customsearch response (trimmed): {"kind":"customsearch#search","url":{"type":"application/json","template":"https://www.googleapis.com/customsearch/v1?q={searchTerms}&num={count?}&start={startIndex?}&lr={language?}&safe={safe?}&cx={cx?}&sort={sort?}&filter={filter?}&gl={gl?}&cr={cr?}&googlehost={googleHost?}&c2coff={disableCnTwTranslation?}&hq={hq?}&hl={hl?}&siteSearch={siteSearch?}&siteSearchFilter={siteSearchFilter?}&exactTerms={exactTerms?}&excludeTerms={excludeTerms?}&linkSite={linkSite?}&orTerms={orTerms?}&dateRestrict={dateRestrict?}&lowRange={lowRange?}&highRange={highRange?}&searchType={searchType}&fileType={fileType?}&rights={rights?}&imgSize={imgSize?}&imgType={imgType?}&imgColorType={imgColorType?}&imgDominantColor={imgDominantColor?}&alt=json"},"queries":{"request":[{"title":"Google Custom Search - 工作咖啡廳","totalResults":"22900","searchTerms":"工作咖啡廳","count":10,"startIndex":1,"inputEncoding":"utf8","outputEncoding":"utf8","safe":"off","cx":"e53265ce7ceb44a30"}],"nextPage":[{"title":"Google Custom Search - 工作咖啡廳","totalResults":"22900","searchTerms":"工作咖啡廳","count":10,"startIndex":11,"inputEncoding":"utf8","outputEncoding":"utf8","safe":"off","cx":"e53265ce7ceb44a30"}]},"context":{"title":"CafeFinder"},"searchInformation":{"searchTime":0.301877,"formattedSearchTime":"0.30","totalResults":"22900","formattedTotalResults":"22,900"},"items":[{"kind":"customsearch#result","title":"菸花《Op118.2》：迪化街一段14巷尾咖啡廳，古典黑膠圍繞的療癒 ...","htmlTitle":"菸花《Op118.2》：迪化街一段14巷尾<b>咖啡廳</b>，古典黑膠圍繞的療癒 ...","link":"https://hiyori.cc/article/op_118_2","displayLink":"hiyori.cc","snippet":"Jan 31, 2022 ... 2》，迪化街大稻埕咖啡廳. 二樓空間目前進駐了「 V & j fiber art x fashion design studio 」由兩位姐妹共同經營的纖維藝術與服裝設計工作室。","htmlSnippet":"Jan 31, 2022 <b>...</b> 2》，迪化街大稻埕<b>咖啡廳</b>. 二樓空間目前進駐了「 V &amp; j fiber art x fashion design studio 」由兩位姐妹共同經營的纖維藝術與服裝設計<b>工作</b>室。","formattedUrl":"https://hiyori.cc/article/op_118_2","htmlFormattedUrl":"https://hiyori.cc/article/op_118_2","pagemap":{"cse_thumbnail":[{"src":"https://encrypted-tbn0.gstatic.com/images?q=tbn:ANd9GcRg19yIfVNbcfniEecpRA9qTS-vgr5vLniuXZyIL9uqUcf2Vlf7zatGVxI&s","width":"275","height":"183"}],"thumbnail":[{"src":"https://hiyori.cc/wp/wp-content/uploads/2022/01/迪化街大稻埕咖啡廳-菸花《Op118.2》封面20220131.jpg"}],"metatags":[{"msapplication-tilecolor":"#333333","og:image":"https://hiyori.cc/wp/wp-content/uploads/2022/01/迪化街大稻埕咖啡廳-菸花《Op118.2》封面20220131.jpg","og:type":"article","og:image:width":"1000","twitter:card":"summary_large_image","theme-color":"#333333","thumbnail":"https://hiyori.cc/wp/wp-content/uploads/2022/01/迪化街大稻埕咖啡廳-菸花《Op118.2》封面20220131.jpg","og:site_name":"日和 Hiyori","og:title":"菸花《Op118.2》：迪化街一段14巷尾咖啡廳，古典黑膠圍繞的療癒舒心空間 - 日和 Hiyori","og:image:height":"666","bingbot":"index, follow, max-snippet:-1, max-image-preview:large, max-video-preview:-1","msapplication-tileimage":"/ms-icon-144x144.png","og:description":"菸花《Op118.2》去年從松菸搬來迪化街14巷尾，店名中的「菸」源自松菸及菸草花，《 Op118.2 》則取自布拉姆斯（Johannes Brahms）晚年寫給克拉拉的鋼琴作品。菸花《Op118.2》為了充分服務到每位客人，目前咖啡豆及甜點委託店主小高哥的朋友烘焙製作，客製化的合作模式互助之餘也能更專注於現場沖煮咖啡。透過咖啡館的空間
[GoogleService] searchInformation.totalResults=22900
[GoogleService] raw customsearch response (trimmed): {"kind":"customsearch#search","url":{"type":"application/json","template":"https://www.googleapis.com/customsearch/v1?q={searchTerms}&num={count?}&start={startIndex?}&lr={language?}&safe={safe?}&cx={cx?}&sort={sort?}&filter={filter?}&gl={gl?}&cr={cr?}&googlehost={googleHost?}&c2coff={disableCnTwTranslation?}&hq={hq?}&hl={hl?}&siteSearch={siteSearch?}&siteSearchFilter={siteSearchFilter?}&exactTerms={exactTerms?}&excludeTerms={excludeTerms?}&linkSite={linkSite?}&orTerms={orTerms?}&dateRestrict={dateRestrict?}&lowRange={lowRange?}&highRange={highRange?}&searchType={searchType}&fileType={fileType?}&rights={rights?}&imgSize={imgSize?}&imgType={imgType?}&imgColorType={imgColorType?}&imgDominantColor={imgDominantColor?}&alt=json"},"queries":{"previousPage":[{"title":"Google Custom Search - 工作咖啡廳","totalResults":"11","searchTerms":"工作咖啡廳","count":1,"startIndex":1,"inputEncoding":"utf8","outputEncoding":"utf8","safe":"off","cx":"e53265ce7ceb44a30"}],"request":[{"title":"Google Custom Search - 工作咖啡廳","totalResults":"11","searchTerms":"工作咖啡廳","count":1,"startIndex":11,"inputEncoding":"utf8","outputEncoding":"utf8","safe":"off","cx":"e53265ce7ceb44a30"}]},"context":{"title":"CafeFinder"},"searchInformation":{"searchTime":0.409038,"formattedSearchTime":"0.41","totalResults":"11","formattedTotalResults":"11"},"items":[{"kind":"customsearch#result","title":"【台北西門町】4F劇場咖啡藏身古蹟中山堂四樓復古咖啡店！電影 ...","htmlTitle":"【台北西門町】4F劇場<b>咖啡</b>藏身古蹟中山堂四樓復古<b>咖啡</b>店！電影 ...","link":"https://tenjo.tw/lepromenoircoffee/","displayLink":"tenjo.tw","snippet":"Feb 3, 2024 ... 如果大家找不到地方上去的話，不妨直接詢問工作人員，我們這天一 ... 咖啡, 西門町不限時咖啡廳, 中山堂咖啡廳. 搜尋關鍵字: 關於周花花. 周花花 ...","htmlSnippet":"Feb 3, 2024 <b>...</b> 如果大家找不到地方上去的話，不妨直接詢問<b>工作</b>人員，我們這天一 ... 咖啡, 西門町不限時<b>咖啡廳</b>, 中山堂<b>咖啡廳</b>. 搜尋關鍵字: 關於周花花. 周花花&nbsp;...","formattedUrl":"https://tenjo.tw/lepromenoircoffee/","htmlFormattedUrl":"https://tenjo.tw/lepromenoircoffee/","pagemap":{"cse_thumbnail":[{"src":"https://encrypted-tbn0.gstatic.com/images?q=tbn:ANd9GcQweWN9It5J2z8hDmNeDDsV99EkM0wZETOOWh96-5UHLyQJt5ZAMxU5x84&s","width":"275","height":"183"}],"metatags":[{"og:image":"https://tenjo.tw/wp-content/uploads/2024/01/JAP_8371.jpg","copyright":"Copyright tenjo.tw All rights reserved.","og:image:width":"1000","article:published_time":"2024-02-03T8:20:54+08:00","twitter:card":"summary_large_image","og:site_name":"周花花，甲飽沒","msapplication-tileimage":"https://tenjo.tw/wp-content/uploads/cropped-002.png","og:description":"《4F劇場咖啡》是一間藏身在近百年古蹟中山樓四樓的超美復古咖啡廳不僅是電影「比悲傷更悲傷的故事」等多部電影的拍攝地，每年「台北電影節」也會來這取景更被評為西門町五大必訪復古咖啡店之一，喜歡老屋咖啡的人推薦一定要收藏《4F劇場咖啡》4F劇場咖啡推薦指數：★★★★☆　4顆星一句短評：西門町不限時咖啡廳推薦！藏身中堂樓四樓的","twitter:creator":"https://www.facebook.com/tenjochou/","og:image:secure_url":"https://tenjo.tw/wp-content/uploads/2024/01/JAP_8371.jpg","article:publisher":"https://www.facebook.com/tenjochou/","twitter:image":"https://tenjo.tw/wp-content/uploads/2024/01/JAP_8371.jpg","twitter:site":"@周花花，甲飽沒","article:modified_time":"2024-02-08T10:22:29+08:00","og:see_also":"https://tenjo.tw/4fcoff
[GoogleService] searchInformation.totalResults=11
[GoogleService] raw customsearch response (trimmed): {"kind":"customsearch#search","url":{"type":"application/json","template":"https://www.googleapis.com/customsearch/v1?q={searchTerms}&num={count?}&start={startIndex?}&lr={language?}&safe={safe?}&cx={cx?}&sort={sort?}&filter={filter?}&gl={gl?}&cr={cr?}&googlehost={googleHost?}&c2coff={disableCnTwTranslation?}&hq={hq?}&hl={hl?}&siteSearch={siteSearch?}&siteSearchFilter={siteSearchFilter?}&exactTerms={exactTerms?}&excludeTerms={excludeTerms?}&linkSite={linkSite?}&orTerms={orTerms?}&dateRestrict={dateRestrict?}&lowRange={lowRange?}&highRange={highRange?}&searchType={searchType}&fileType={fileType?}&rights={rights?}&imgSize={imgSize?}&imgType={imgType?}&imgColorType={imgColorType?}&imgDominantColor={imgDominantColor?}&alt=json"},"queries":{"previousPage":[{"title":"Google Custom Search - 工作咖啡廳","searchTerms":"工作咖啡廳","count":9,"startIndex":12,"inputEncoding":"utf8","outputEncoding":"utf8","safe":"off","cx":"e53265ce7ceb44a30"}],"request":[{"title":"Google Custom Search - 工作咖啡廳","searchTerms":"工作咖啡廳","count":9,"startIndex":21,"inputEncoding":"utf8","outputEncoding":"utf8","safe":"off","cx":"e53265ce7ceb44a30"}]},"context":{"title":"CafeFinder"},"searchInformation":{"searchTime":0.196931,"formattedSearchTime":"0.20","totalResults":"0","formattedTotalResults":"0"}}
[GoogleService] searchInformation.totalResults=0
[GoogleService] customSearch returned count=11
[HybridSearch] Google-only raw pages count: 11
[HybridSearch] google-only sample[0] url=https://auntie.tw/youmoutoohana-coffee-2/ name=【台北】忠孝新生｜羊毛與花‧ 華山，特調西西里咖啡、香滑濃郁雞蛋 ... contentLen=70423
[HybridSearch] google-only sample[1] url=https://www.verse.com.tw/article/2025-wenshan-coffee-1 name=文山區11家特色咖啡廳攻略【上】：喫茶枝音昭和咖啡、湖畔「廢墟 ... contentLen=6272
[HybridSearch] google-only sample[2] url=https://whos-talking.com/2024/06/06/2730cafe/ name=【台北大安】2730café 貳柒參零咖啡|不限時復古老宅咖啡廳|文青 ... contentLen=73379
[HybridSearch] google-only sample[3] url=https://whos-talking.com/2025/02/17/stoppagetimecafe/ name=【台北大安】Stoppage Time 補時｜大安區不限時咖啡廳，鄰近捷運 ... contentLen=72921
[HybridSearch] google-only sample[4] url=https://whos-talking.com/2025/01/12/abd-coffeeandlife/ name=【台北文山】A.B.D. Coffee & Life｜萬隆不限時露營風咖啡廳，老闆的 ... contentLen=72714
[HybridSearch] google-only sample[5] url=https://hiyori.cc/article/op_118_2 name=菸花《Op118.2》：迪化街一段14巷尾咖啡廳，古典黑膠圍繞的療癒 ... contentLen=7229
[HybridSearch] google-only sample[6] url=https://plumpyblog.com/costumice-cafe/ name=Costumice Café｜東區美食｜都市鬧區裡的小叢林，法式鄉村風格好 ... contentLen=40633
[HybridSearch] google-only sample[7] url=https://tenjo.tw/picapica-cafe/ name=【台大公館咖啡廳】Pica Pica Café 喜鵲咖啡不限時可讀書久坐，好吃 ... contentLen=24140
[HybridSearch] Google-only after filterValidWebPages count: 11
無法擷取連結: https://whos-talking.com/2024/06/06/2730cafe/
[GoogleService] raw customsearch response (trimmed): {"kind":"customsearch#search","url":{"type":"application/json","template":"https://www.googleapis.com/customsearch/v1?q={searchTerms}&num={count?}&start={startIndex?}&lr={language?}&safe={safe?}&cx={cx?}&sort={sort?}&filter={filter?}&gl={gl?}&cr={cr?}&googlehost={googleHost?}&c2coff={disableCnTwTranslation?}&hq={hq?}&hl={hl?}&siteSearch={siteSearch?}&siteSearchFilter={siteSearchFilter?}&exactTerms={exactTerms?}&excludeTerms={excludeTerms?}&linkSite={linkSite?}&orTerms={orTerms?}&dateRestrict={dateRestrict?}&lowRange={lowRange?}&highRange={highRange?}&searchType={searchType}&fileType={fileType?}&rights={rights?}&imgSize={imgSize?}&imgType={imgType?}&imgColorType={imgColorType?}&imgDominantColor={imgDominantColor?}&alt=json"},"queries":{"request":[{"title":"Google Custom Search - 讀書 咖啡廳","totalResults":"9","searchTerms":"讀書 咖啡廳","count":9,"startIndex":1,"inputEncoding":"utf8","outputEncoding":"utf8","safe":"off","cx":"e53265ce7ceb44a30"}]},"context":{"title":"CafeFinder"},"searchInformation":{"searchTime":0.186457,"formattedSearchTime":"0.19","totalResults":"9","formattedTotalResults":"9"},"items":[{"kind":"customsearch#result","title":"【台大公館咖啡廳】Pica Pica Café 喜鵲咖啡不限時可讀書久坐，好吃 ...","htmlTitle":"【台大公館<b>咖啡廳</b>】Pica Pica Café 喜鵲咖啡不限時可<b>讀書</b>久坐，好吃 ...","link":"https://tenjo.tw/picapica-cafe/","displayLink":"tenjo.tw","snippet":"Aug 14, 2020 ... 【台大公館咖啡廳】Pica Pica Café 喜鵲咖啡不限時可讀書久坐，好吃肉桂捲提拉米蘇 · Pica Pica Café 喜鵲咖啡 · 地址：台北市大安區羅斯福路三段269巷74號.","htmlSnippet":"Aug 14, 2020 <b>...</b> 【台大公館<b>咖啡廳</b>】Pica Pica Café 喜鵲咖啡不限時可<b>讀書</b>久坐，好吃肉桂捲提拉米蘇 &middot; Pica Pica Café 喜鵲咖啡 &middot; 地址：台北市大安區羅斯福路三段269巷74號.","formattedUrl":"https://tenjo.tw/picapica-cafe/","htmlFormattedUrl":"https://tenjo.tw/picapica-cafe/","pagemap":{"cse_thumbnail":[{"src":"https://encrypted-tbn0.gstatic.com/images?q=tbn:ANd9GcQerBMtmjMuI5dLCkk244zKZ6xayskrPBNVwAXc7TUIP0EZFPZpczbPSAc&s","width":"275","height":"183"}],"metatags":[{"og:image":"https://tenjo.tw/wp-content/uploads/20200808171857_70.jpg","copyright":"Copyright tenjo.tw All rights reserved.","og:image:width":"1000","article:published_time":"2020-08-14T16:04:56+08:00","twitter:card":"summary_large_image","og:site_name":"周花花，甲飽沒","msapplication-tileimage":"https://tenjo.tw/wp-content/uploads/cropped-002.png","og:description":"在那個肉桂捲還沒有成為流行的年代，台北有賣肉桂捲的咖啡廳並不多台大公館巷弄內的《喜鵲咖啡》，便是我剛出社會時很愛且常待的咖啡店時隔幾年再次回訪《喜鵲咖啡》，喝的已昇華成一種回憶，有些味道陪著你成長，才最深刻銘心Pica Pica Café 喜鵲咖啡推薦指數：★★★★☆　4顆星一句短評：台大公館不限時安靜咖啡廳，有很多人","twitter:creator":"https://www.facebook.com/tenjochou/","og:image:secure_url":"https://tenjo.tw/wp-content/uploads/20200808171857_70.jpg","article:publisher":"https://www.facebook.com/tenjochou/","twitter:image":"https://tenjo.tw/wp-content/uploads/20200808171857_70.jpg","twitter:site":"@周花花，甲飽沒","article:modified_time":"2020-08-14T16:06:16+08:00","og:see_also":"https://tenjo.tw/picapica-cafe/","og:type":"article","og:image:alt":"【台大公館咖啡廳】Pica Pica Café 喜鵲咖啡 不限時可讀書久坐，好吃肉桂捲提拉米蘇 @ 周花花，甲飽沒","article:section":"吃在台北古亭師大, 吃在台北公館景美, 甜點咖啡","twitter:title":"【
[GoogleService] searchInformation.totalResults=9
Custom Search API error: Server returned HTTP response code: 429 for URL: https://www.googleapis.com/customsearch/v1?key=AIzaSyCMfKtxhPJrmdgDUnnmFDD-vchZAP8drrE&cx=e53265ce7ceb44a30&q=%E8%AE%80%E6%9B%B8+%E5%92%96%E5%95%A1%E5%BB%B3&num=10&start=11
[GoogleService] customSearch returned count=9
HTTP 錯誤: 308 for URL: https://chiahsinyeh.pixnet.net/blog/post/225344827
[HybridSearch] Google-only raw pages count: 8
[HybridSearch] google-only sample[0] url=https://www.verse.com.tw/article/2025-wenshan-coffee-1 name=文山區11家特色咖啡廳攻略【上】：喫茶枝音昭和咖啡、湖畔「廢墟 ... contentLen=6272
[HybridSearch] google-only sample[1] url=https://whos-talking.com/2025/02/17/stoppagetimecafe/ name=【台北大安】Stoppage Time 補時｜大安區不限時咖啡廳，鄰近捷運 ... contentLen=72921
[HybridSearch] google-only sample[2] url=https://whos-talking.com/2024/06/06/2730cafe/ name=【台北大安】2730café 貳柒參零咖啡|不限時復古老宅咖啡廳|文青 ... contentLen=73379
[HybridSearch] google-only sample[3] url=https://whos-talking.com/2025/01/12/abd-coffeeandlife/ name=【台北文山】A.B.D. Coffee & Life｜萬隆不限時露營風咖啡廳，老闆的 ... contentLen=72714
[HybridSearch] google-only sample[4] url=https://tenjo.tw/picapica-cafe/ name=【台大公館咖啡廳】Pica Pica Café 喜鵲咖啡不限時可讀書久坐，好吃 ... contentLen=24138
[HybridSearch] google-only sample[5] url=https://upssmile.com/189613/cbc-space-cafe name=CBC SPACE 景美咖啡圖書館Cafe Boven Co-working，雜誌書籍隨你 ... contentLen=32589
[HybridSearch] google-only sample[6] url=https://www.walkerland.com.tw/subject/view/418583 name=台北不限時咖啡廳14 間推薦！塔羅牌免費算、深夜也有營業。|美食 ... contentLen=5749
[HybridSearch] google-only sample[7] url=https://tenjo.tw/moooonriver/ name=【內湖瑞光路咖啡廳】Moooon River Cafe & Books 超美歐洲教堂 ... contentLen=24373
[HybridSearch] Google-only after filterValidWebPages count: 8
無法擷取連結: https://whos-talking.com/2025/02/17/stoppagetimecafe/
無法擷取連結: https://whos-talking.com/2024/06/06/2730cafe/
無法擷取連結: https://whos-talking.com/2025/01/12/abd-coffeeandlife/
